F1209067034.296
.(dp0
I1
(lp1
(ibevents
DemoEvent
p2
(dp3
S'type'
p4
I17
sba(ibevents
DemoEvent
p5
(dp6
g4
I1
sba(ibevents
DemoEvent
p7
(dp8
g4
I1
sba(ibevents
DemoEvent
p9
(dp10
g4
I4
sbasI3073
(lp11
(ibevents
DemoEvent
p12
(dp13
g4
I3
sS'key'
p14
I276
sbasI2059
(lp15
(ibevents
DemoEvent
p16
(dp17
g4
I3
sg14
I276
sbasI12
(lp18
(ibevents
DemoEvent
p19
(dp20
g4
I2
sg14
I308
sbasI2063
(lp21
(ibevents
DemoEvent
p22
(dp23
g4
I2
sg14
I274
sbasI19
(lp24
(ibevents
DemoEvent
p25
(dp26
g4
I2
sg14
I9
sba(ibevents
DemoEvent
p27
(dp28
g4
I4
sbasI24
(lp29
(ibevents
DemoEvent
p30
(dp31
g4
I17
sba(ibevents
DemoEvent
p32
(dp33
g4
I1
sba(ibevents
DemoEvent
p34
(dp35
g4
I3
sg14
I9
sba(ibevents
DemoEvent
p36
(dp37
g4
I3
sg14
I308
sba(ibevents
DemoEvent
p38
(dp39
g4
I1
sbasI2115
(lp40
(ibevents
DemoEvent
p41
(dp42
g4
I3
sg14
I274
sbasI10252
(lp43
(ibevents
DemoEvent
p44
(dp45
g4
I2
sg14
I273
sbasI2148
(lp46
(ibevents
DemoEvent
p47
(dp48
g4
I2
sg14
I273
sbasI10353
(lp49
(ibevents
DemoEvent
p50
(dp51
g4
I2
sg14
I275
sbasI1043
(lp52
(ibevents
DemoEvent
p53
(dp54
g4
I4
sbasI3092
(lp55
(ibevents
DemoEvent
p56
(dp57
g4
I3
sg14
I275
sbasI11285
(lp58
(ibevents
DemoEvent
p59
(dp60
g4
I4
sbasI10385
(lp61
(ibevents
DemoEvent
p62
(dp63
g4
I3
sg14
I273
sbasI10387
(lp64
(ibevents
DemoEvent
p65
(dp66
g4
I3
sg14
I275
sbasI2204
(lp67
(ibevents
DemoEvent
p68
(dp69
g4
I2
sg14
I275
sbasI10403
(lp70
(ibevents
DemoEvent
p71
(dp72
g4
I2
sg14
I274
sbasI2229
(lp73
(ibevents
DemoEvent
p74
(dp75
g4
I3
sg14
I275
sbasI2234
(lp76
(ibevents
DemoEvent
p77
(dp78
g4
I2
sg14
I276
sbasI10455
(lp79
(ibevents
DemoEvent
p80
(dp81
g4
I3
sg14
I274
sbasI2271
(lp82
(ibevents
DemoEvent
p83
(dp84
g4
I3
sg14
I273
sbasI2279
(lp85
(ibevents
DemoEvent
p86
(dp87
g4
I3
sg14
I276
sbasI2285
(lp88
(ibevents
DemoEvent
p89
(dp90
g4
I2
sg14
I274
sbasI10509
(lp91
(ibevents
DemoEvent
p92
(dp93
g4
I2
sg14
I273
sbasI11310
(lp94
(ibevents
DemoEvent
p95
(dp96
g4
I4
sbasI2326
(lp97
(ibevents
DemoEvent
p98
(dp99
g4
I3
sg14
I274
sbasI10545
(lp100
(ibevents
DemoEvent
p101
(dp102
g4
I2
sg14
I275
sbasI2359
(lp103
(ibevents
DemoEvent
p104
(dp105
g4
I2
sg14
I273
sbasI10570
(lp106
(ibevents
DemoEvent
p107
(dp108
g4
I3
sg14
I275
sbasI10578
(lp109
(ibevents
DemoEvent
p110
(dp111
g4
I2
sg14
I276
sbasI2422
(lp112
(ibevents
DemoEvent
p113
(dp114
g4
I2
sg14
I275
sbasI10616
(lp115
(ibevents
DemoEvent
p116
(dp117
g4
I3
sg14
I273
sbasI10623
(lp118
(ibevents
DemoEvent
p119
(dp120
g4
I3
sg14
I276
sbasI10633
(lp121
(ibevents
DemoEvent
p122
(dp123
g4
I2
sg14
I274
sbasI2451
(lp124
(ibevents
DemoEvent
p125
(dp126
g4
I3
sg14
I275
sbasI2457
(lp127
(ibevents
DemoEvent
p128
(dp129
g4
I2
sg14
I276
sbasI11333
(lp130
(ibevents
DemoEvent
p131
(dp132
g4
I4
sbasI2473
(lp133
(ibevents
DemoEvent
p134
(dp135
g4
I3
sg14
I273
sba(ibevents
DemoEvent
p136
(dp137
g4
I3
sg14
I276
sbasI2483
(lp138
(ibevents
DemoEvent
p139
(dp140
g4
I2
sg14
I274
sbasI10681
(lp141
(ibevents
DemoEvent
p142
(dp143
g4
I3
sg14
I274
sbasI10705
(lp144
(ibevents
DemoEvent
p145
(dp146
g4
I2
sg14
I273
sbasI11344
(lp147
(ibevents
DemoEvent
p148
(dp149
g4
I4
sbasI2554
(lp150
(ibevents
DemoEvent
p151
(dp152
g4
I2
sg14
I273
sbasI10770
(lp153
(ibevents
DemoEvent
p154
(dp155
g4
I2
sg14
I275
sbasI10792
(lp156
(ibevents
DemoEvent
p157
(dp158
g4
I3
sg14
I275
sbasI2610
(lp159
(ibevents
DemoEvent
p160
(dp161
g4
I2
sg14
I275
sbasI10803
(lp162
(ibevents
DemoEvent
p163
(dp164
g4
I2
sg14
I276
sbasI570
(lp165
(ibevents
DemoEvent
p166
(dp167
g4
I17
sba(ibevents
DemoEvent
p168
(dp169
g4
I1
sba(ibevents
DemoEvent
p170
(dp171
g4
I1
sba(ibevents
DemoEvent
p172
(dp173
g4
I4
sbasI2639
(lp174
(ibevents
DemoEvent
p175
(dp176
g4
I3
sg14
I275
sbasI2643
(lp177
(ibevents
DemoEvent
p178
(dp179
g4
I2
sg14
I276
sbasI602
(lp180
(ibevents
DemoEvent
p181
(dp182
g4
I4
sbasI10863
(lp183
(ibevents
DemoEvent
p184
(dp185
g4
I2
sg14
I275
sbasI604
(lp186
(ibevents
DemoEvent
p187
(dp188
g4
I4
sbasI607
(lp189
(ibevents
DemoEvent
p190
(dp191
g4
I4
sbasI10848
(lp192
(ibevents
DemoEvent
p193
(dp194
g4
I3
sg14
I276
sbasI609
(lp195
(ibevents
DemoEvent
p196
(dp197
g4
I4
sbasI611
(lp198
(ibevents
DemoEvent
p199
(dp200
g4
I4
sbasI613
(lp201
(ibevents
DemoEvent
p202
(dp203
g4
I4
sbasI615
(lp204
(ibevents
DemoEvent
p205
(dp206
g4
I4
sbasI617
(lp207
(ibevents
DemoEvent
p208
(dp209
g4
I4
sbasI619
(lp210
(ibevents
DemoEvent
p211
(dp212
g4
I4
sbasI620
(lp213
(ibevents
DemoEvent
p214
(dp215
g4
I4
sbasI621
(lp216
(ibevents
DemoEvent
p217
(dp218
g4
I4
sbasI623
(lp219
(ibevents
DemoEvent
p220
(dp221
g4
I4
sbasI625
(lp222
(ibevents
DemoEvent
p223
(dp224
g4
I4
sbasI2674
(lp225
(ibevents
DemoEvent
p226
(dp227
g4
I3
sg14
I273
sbasI627
(lp228
(ibevents
DemoEvent
p229
(dp230
g4
I4
sbasI2676
(lp231
(ibevents
DemoEvent
p232
(dp233
g4
I3
sg14
I276
sbasI629
(lp234
(ibevents
DemoEvent
p235
(dp236
g4
I4
sbasI631
(lp237
(ibevents
DemoEvent
p238
(dp239
g4
I4
sbasI2685
(lp240
(ibevents
DemoEvent
p241
(dp242
g4
I2
sg14
I274
sbasI2690
(lp243
(ibevents
DemoEvent
p244
(dp245
g4
I2
sg14
I275
sbasI11371
(lp246
(ibevents
DemoEvent
p247
(dp248
g4
I4
sbasI652
(lp249
(ibevents
DemoEvent
p250
(dp251
g4
I4
sba(ibevents
DemoEvent
p252
(dp253
S'button'
p254
I1
sg4
I5
sba(ibevents
DemoEvent
p255
(dp256
g4
I4
sbasI10898
(lp257
(ibevents
DemoEvent
p258
(dp259
g4
I3
sg14
I275
sbasI659
(lp260
(ibevents
DemoEvent
p261
(dp262
g254
I1
sg4
I6
sba(ibevents
DemoEvent
p263
(dp264
g4
I4
sbasI2708
(lp265
(ibevents
DemoEvent
p266
(dp267
g4
I3
sg14
I275
sbasI10902
(lp268
(ibevents
DemoEvent
p269
(dp270
g4
I3
sg14
I273
sbasI10927
(lp271
(ibevents
DemoEvent
p272
(dp273
g4
I2
sg14
I274
sbasI2738
(lp274
(ibevents
DemoEvent
p275
(dp276
g4
I3
sg14
I274
sbasI10939
(lp277
(ibevents
DemoEvent
p278
(dp279
g4
I2
sg14
I275
sbasI11383
(lp280
(ibevents
DemoEvent
p281
(dp282
g4
I4
sbasI2764
(lp283
(ibevents
DemoEvent
p284
(dp285
g4
I2
sg14
I273
sbasI11276
(lp286
(ibevents
DemoEvent
p287
(dp288
g4
I4
sbasI10960
(lp289
(ibevents
DemoEvent
p290
(dp291
g4
I3
sg14
I275
sbasI10967
(lp292
(ibevents
DemoEvent
p293
(dp294
g4
I3
sg14
I274
sbasI734
(lp295
(ibevents
DemoEvent
p296
(dp297
g4
I4
sbasI736
(lp298
(ibevents
DemoEvent
p299
(dp300
g4
I4
sbasI737
(lp301
(ibevents
DemoEvent
p302
(dp303
g4
I4
sbasI738
(lp304
(ibevents
DemoEvent
p305
(dp306
g4
I4
sbasI740
(lp307
(ibevents
DemoEvent
p308
(dp309
g4
I4
sbasI741
(lp310
(ibevents
DemoEvent
p311
(dp312
g4
I4
sbasI742
(lp313
(ibevents
DemoEvent
p314
(dp315
g4
I1
sbasI1831
(lp316
(ibevents
DemoEvent
p317
(dp318
g4
I2
sg14
I276
sbasI11391
(lp319
(ibevents
DemoEvent
p320
(dp321
g4
I4
sbasI11007
(lp322
(ibevents
DemoEvent
p323
(dp324
g4
I2
sg14
I273
sbasI771
(lp325
(ibevents
DemoEvent
p326
(dp327
g4
I1
sbasI2824
(lp328
(ibevents
DemoEvent
p329
(dp330
g4
I2
sg14
I275
sbasI11026
(lp331
(ibevents
DemoEvent
p332
(dp333
g4
I2
sg14
I275
sbasI2864
(lp334
(ibevents
DemoEvent
p335
(dp336
g4
I3
sg14
I275
sbasI11051
(lp337
(ibevents
DemoEvent
p338
(dp339
g4
I3
sg14
I275
sbasI11056
(lp340
(ibevents
DemoEvent
p341
(dp342
g4
I2
sg14
I276
sbasI2872
(lp343
(ibevents
DemoEvent
p344
(dp345
g4
I2
sg14
I274
sbasI2529
(lp346
(ibevents
DemoEvent
p347
(dp348
g4
I3
sg14
I274
sbasI11087
(lp349
(ibevents
DemoEvent
p350
(dp351
g4
I3
sg14
I276
sbasI11088
(lp352
(ibevents
DemoEvent
p353
(dp354
g4
I3
sg14
I273
sbasI10041
(lp355
(ibevents
DemoEvent
p356
(dp357
g4
I4
sbasI11098
(lp358
(ibevents
DemoEvent
p359
(dp360
g4
I2
sg14
I275
sbasI2926
(lp361
(ibevents
DemoEvent
p362
(dp363
g4
I3
sg14
I274
sbasI11120
(lp364
(ibevents
DemoEvent
p365
(dp366
g4
I3
sg14
I275
sbasI11411
(lp367
(ibevents
DemoEvent
p368
(dp369
g4
I4
sbasI11128
(lp370
(ibevents
DemoEvent
p371
(dp372
g4
I2
sg14
I274
sbasI2946
(lp373
(ibevents
DemoEvent
p374
(dp375
g4
I2
sg14
I273
sbasI11139
(lp376
(ibevents
DemoEvent
p377
(dp378
g4
I2
sg14
I276
sbasI11147
(lp379
(ibevents
DemoEvent
p380
(dp381
g4
I3
sg14
I276
sbasI11417
(lp382
(ibevents
DemoEvent
p383
(dp384
g4
I4
sbasI11179
(lp385
(ibevents
DemoEvent
p386
(dp387
g4
I3
sg14
I274
sbasI11421
(lp388
(ibevents
DemoEvent
p389
(dp390
g4
I4
sbasI3001
(lp391
(ibevents
DemoEvent
p392
(dp393
g4
I2
sg14
I275
sbasI11284
(lp394
(ibevents
DemoEvent
p395
(dp396
g4
I4
sbasI3028
(lp397
(ibevents
DemoEvent
p398
(dp399
g4
I3
sg14
I275
sbasI3034
(lp400
(ibevents
DemoEvent
p401
(dp402
g4
I2
sg14
I276
sbasI1000
(lp403
(ibevents
DemoEvent
p404
(dp405
g4
I17
sba(ibevents
DemoEvent
p406
(dp407
g4
I1
sbasI1010
(lp408
(ibevents
DemoEvent
p409
(dp410
g4
I1
sba(ibevents
DemoEvent
p411
(dp412
g4
I4
sbasI1011
(lp413
(ibevents
DemoEvent
p414
(dp415
g4
I4
sbasI1012
(lp416
(ibevents
DemoEvent
p417
(dp418
g4
I4
sbasI1013
(lp419
(ibevents
DemoEvent
p420
(dp421
g4
I4
sbasI1014
(lp422
(ibevents
DemoEvent
p423
(dp424
g4
I4
sbasI1015
(lp425
(ibevents
DemoEvent
p426
(dp427
g4
I4
sbasI1016
(lp428
(ibevents
DemoEvent
p429
(dp430
g4
I4
sbasI1017
(lp431
(ibevents
DemoEvent
p432
(dp433
g4
I4
sbasI1018
(lp434
(ibevents
DemoEvent
p435
(dp436
g4
I4
sbasI1019
(lp437
(ibevents
DemoEvent
p438
(dp439
g4
I4
sbasI1020
(lp440
(ibevents
DemoEvent
p441
(dp442
g4
I4
sbasI1021
(lp443
(ibevents
DemoEvent
p444
(dp445
g4
I4
sbasI1023
(lp446
(ibevents
DemoEvent
p447
(dp448
g4
I4
sbasI3072
(lp449
(ibevents
DemoEvent
p450
(dp451
g4
I3
sg14
I273
sbasI1025
(lp452
(ibevents
DemoEvent
p453
(dp454
g4
I4
sbasI1027
(lp455
(ibevents
DemoEvent
p456
(dp457
g4
I4
sbasI1028
(lp458
(ibevents
DemoEvent
p459
(dp460
g4
I4
sbasI11274
(lp461
(ibevents
DemoEvent
p462
(dp463
g4
I1
sba(ibevents
DemoEvent
p464
(dp465
g4
I4
sbasI3084
(lp466
(ibevents
DemoEvent
p467
(dp468
g4
I2
sg14
I275
sbasI11278
(lp469
(ibevents
DemoEvent
p470
(dp471
g4
I4
sbasI11282
(lp472
(ibevents
DemoEvent
p473
(dp474
g4
I4
sbasI11283
(lp475
(ibevents
DemoEvent
p476
(dp477
g4
I4
sbasI1044
(lp478
(ibevents
DemoEvent
p479
(dp480
g4
I4
sbasI1045
(lp481
(ibevents
DemoEvent
p482
(dp483
g4
I4
sbasI11286
(lp484
(ibevents
DemoEvent
p485
(dp486
g4
I4
sbasI1047
(lp487
(ibevents
DemoEvent
p488
(dp489
g4
I4
sbasI11288
(lp490
(ibevents
DemoEvent
p491
(dp492
g4
I4
sbasI1049
(lp493
(ibevents
DemoEvent
p494
(dp495
g4
I4
sbasI11290
(lp496
(ibevents
DemoEvent
p497
(dp498
g4
I4
sba(ibevents
DemoEvent
p499
(dp500
g254
I1
sg4
I5
sbasI1051
(lp501
(ibevents
DemoEvent
p502
(dp503
g4
I1
sbasI3104
(lp504
(ibevents
DemoEvent
p505
(dp506
g4
I2
sg14
I274
sbasI11298
(lp507
(ibevents
DemoEvent
p508
(dp509
g254
I1
sg4
I6
sba(ibevents
DemoEvent
p510
(dp511
g4
I4
sbasI11302
(lp512
(ibevents
DemoEvent
p513
(dp514
g4
I4
sbasI3111
(lp515
(ibevents
DemoEvent
p516
(dp517
g4
I2
sg14
I276
sbasI11304
(lp518
(ibevents
DemoEvent
p519
(dp520
g4
I4
sbasI11306
(lp521
(ibevents
DemoEvent
p522
(dp523
g4
I4
sbasI11307
(lp524
(ibevents
DemoEvent
p525
(dp526
g4
I4
sbasI11308
(lp527
(ibevents
DemoEvent
p528
(dp529
g4
I4
sbasI11309
(lp530
(ibevents
DemoEvent
p531
(dp532
g4
I4
sbasI3118
(lp533
(ibevents
DemoEvent
p534
(dp535
g4
I3
sg14
I276
sbasI11312
(lp536
(ibevents
DemoEvent
p537
(dp538
g4
I4
sbasI3130
(lp539
(ibevents
DemoEvent
p540
(dp541
g4
I2
sg14
I276
sbasI11330
(lp542
(ibevents
DemoEvent
p543
(dp544
g4
I4
sbasI11331
(lp545
(ibevents
DemoEvent
p546
(dp547
g4
I4
sbasI11332
(lp548
(ibevents
DemoEvent
p549
(dp550
g4
I4
sbasI3141
(lp551
(ibevents
DemoEvent
p552
(dp553
g4
I3
sg14
I276
sbasI11334
(lp554
(ibevents
DemoEvent
p555
(dp556
g4
I4
sbasI11335
(lp557
(ibevents
DemoEvent
p558
(dp559
g4
I4
sbasI11337
(lp560
(ibevents
DemoEvent
p561
(dp562
g4
I4
sbasI11339
(lp563
(ibevents
DemoEvent
p564
(dp565
g4
I4
sbasI11341
(lp566
(ibevents
DemoEvent
p567
(dp568
g4
I4
sbasI11343
(lp569
(ibevents
DemoEvent
p570
(dp571
g4
I4
sbasI3152
(lp572
(ibevents
DemoEvent
p573
(dp574
g4
I3
sg14
I274
sbasI11345
(lp575
(ibevents
DemoEvent
p576
(dp577
g4
I4
sbasI11346
(lp578
(ibevents
DemoEvent
p579
(dp580
g4
I4
sbasI11347
(lp581
(ibevents
DemoEvent
p582
(dp583
g4
I4
sbasI11349
(lp584
(ibevents
DemoEvent
p585
(dp586
g4
I4
sbasI11351
(lp587
(ibevents
DemoEvent
p588
(dp589
g4
I4
sbasI11353
(lp590
(ibevents
DemoEvent
p591
(dp592
g4
I4
sbasI11367
(lp593
(ibevents
DemoEvent
p594
(dp595
g4
I4
sbasI11369
(lp596
(ibevents
DemoEvent
p597
(dp598
g4
I4
sbasI11370
(lp599
(ibevents
DemoEvent
p600
(dp601
g4
I4
sbasI3179
(lp602
(ibevents
DemoEvent
p603
(dp604
g4
I2
sg14
I273
sbasI11373
(lp605
(ibevents
DemoEvent
p606
(dp607
g4
I4
sbasI11375
(lp608
(ibevents
DemoEvent
p609
(dp610
g4
I4
sbasI11377
(lp611
(ibevents
DemoEvent
p612
(dp613
g4
I4
sbasI11379
(lp614
(ibevents
DemoEvent
p615
(dp616
g4
I4
sbasI11381
(lp617
(ibevents
DemoEvent
p618
(dp619
g4
I4
sbasI11382
(lp620
(ibevents
DemoEvent
p621
(dp622
g4
I4
sbasI10089
(lp623
(ibevents
DemoEvent
p624
(dp625
g4
I4
sbasI3193
(lp626
(ibevents
DemoEvent
p627
(dp628
g4
I2
sg14
I275
sbasI1151
(lp629
(ibevents
DemoEvent
p630
(dp631
g4
I2
sg14
I273
sbasI11393
(lp632
(ibevents
DemoEvent
p633
(dp634
g4
I4
sbasI11394
(lp635
(ibevents
DemoEvent
p636
(dp637
g4
I4
sbasI11395
(lp638
(ibevents
DemoEvent
p639
(dp640
g4
I4
sbasI11397
(lp641
(ibevents
DemoEvent
p642
(dp643
g4
I4
sbasI11399
(lp644
(ibevents
DemoEvent
p645
(dp646
g4
I4
sbasI11401
(lp647
(ibevents
DemoEvent
p648
(dp649
g4
I4
sbasI11403
(lp650
(ibevents
DemoEvent
p651
(dp652
g4
I4
sbasI11405
(lp653
(ibevents
DemoEvent
p654
(dp655
g4
I4
sbasI11406
(lp656
(ibevents
DemoEvent
p657
(dp658
g4
I4
sbasI11407
(lp659
(ibevents
DemoEvent
p660
(dp661
g4
I4
sbasI11409
(lp662
(ibevents
DemoEvent
p663
(dp664
g4
I4
sbasI3219
(lp665
(ibevents
DemoEvent
p666
(dp667
g4
I3
sg14
I275
sbasI11416
(lp668
(ibevents
DemoEvent
p669
(dp670
g4
I4
sbasI3225
(lp671
(ibevents
DemoEvent
p672
(dp673
g4
I2
sg14
I276
sbasI11418
(lp674
(ibevents
DemoEvent
p675
(dp676
g4
I4
sbasI11419
(lp677
(ibevents
DemoEvent
p678
(dp679
g4
I4
sbasI1181
(lp680
(ibevents
DemoEvent
p681
(dp682
g4
I2
sg14
I275
sbasI11424
(lp683
(ibevents
DemoEvent
p684
(dp685
g254
I1
sg4
I5
sbasI11432
(lp686
(ibevents
DemoEvent
p687
(dp688
g254
I1
sg4
I6
sba(ibevents
DemoEvent
p689
(dp690
g4
I4
sbasI1211
(lp691
(ibevents
DemoEvent
p692
(dp693
g4
I3
sg14
I273
sbasI1213
(lp694
(ibevents
DemoEvent
p695
(dp696
g4
I3
sg14
I275
sbasI3265
(lp697
(ibevents
DemoEvent
p698
(dp699
g4
I3
sg14
I276
sbasI3266
(lp700
(ibevents
DemoEvent
p701
(dp702
g4
I3
sg14
I273
sbasI3268
(lp703
(ibevents
DemoEvent
p704
(dp705
g4
I2
sg14
I275
sbasI11468
(lp706
(ibevents
DemoEvent
p707
(dp708
g4
I4
sbasI11470
(lp709
(ibevents
DemoEvent
p710
(dp711
g4
I4
sbasI1231
(lp712
(ibevents
DemoEvent
p713
(dp714
g4
I2
sg14
I274
sbasI11472
(lp715
(ibevents
DemoEvent
p716
(dp717
g4
I4
sbasI3281
(lp718
(ibevents
DemoEvent
p719
(dp720
g4
I2
sg14
I274
sbasI11474
(lp721
(ibevents
DemoEvent
p722
(dp723
g4
I4
sbasI11476
(lp724
(ibevents
DemoEvent
p725
(dp726
g4
I4
sbasI11478
(lp727
(ibevents
DemoEvent
p728
(dp729
g4
I4
sbasI11479
(lp730
(ibevents
DemoEvent
p731
(dp732
g4
I4
sbasI1265
(lp733
(ibevents
DemoEvent
p734
(dp735
g4
I3
sg14
I274
sbasI3323
(lp736
(ibevents
DemoEvent
p737
(dp738
g4
I3
sg14
I275
sbasI3327
(lp739
(ibevents
DemoEvent
p740
(dp741
g4
I3
sg14
I274
sbasI3332
(lp742
(ibevents
DemoEvent
p743
(dp744
g4
I2
sg14
I308
sbasI3335
(lp745
(ibevents
DemoEvent
p746
(dp747
g4
I2
sg14
I9
sbasI1291
(lp748
(ibevents
DemoEvent
p749
(dp750
g4
I1
sba(ibevents
DemoEvent
p751
(dp752
g4
I4
sbasI1293
(lp753
(ibevents
DemoEvent
p754
(dp755
g4
I4
sbasI1295
(lp756
(ibevents
DemoEvent
p757
(dp758
g4
I4
sbasI1296
(lp759
(ibevents
DemoEvent
p760
(dp761
g4
I4
sbasI1297
(lp762
(ibevents
DemoEvent
p763
(dp764
g4
I4
sbasI1298
(lp765
(ibevents
DemoEvent
p766
(dp767
g4
I4
sbasI1300
(lp768
(ibevents
DemoEvent
p769
(dp770
g4
I4
sbasI1302
(lp771
(ibevents
DemoEvent
p772
(dp773
g4
I4
sbasI1304
(lp774
(ibevents
DemoEvent
p775
(dp776
g4
I4
sbasI1306
(lp777
(ibevents
DemoEvent
p778
(dp779
g4
I4
sbasI1308
(lp780
(ibevents
DemoEvent
p781
(dp782
g4
I4
sbasI1309
(lp783
(ibevents
DemoEvent
p784
(dp785
g4
I4
sbasI1310
(lp786
(ibevents
DemoEvent
p787
(dp788
g4
I4
sbasI1311
(lp789
(ibevents
DemoEvent
p790
(dp791
g4
I4
sba(ibevents
DemoEvent
p792
(dp793
g4
I4
sbasI1313
(lp794
(ibevents
DemoEvent
p795
(dp796
g4
I4
sbasI1315
(lp797
(ibevents
DemoEvent
p798
(dp799
g4
I4
sbasI1316
(lp800
(ibevents
DemoEvent
p801
(dp802
g4
I4
sbasI1318
(lp803
(ibevents
DemoEvent
p804
(dp805
g4
I1
sbasI3380
(lp806
(ibevents
DemoEvent
p807
(dp808
g4
I1
sba(ibevents
DemoEvent
p809
(dp810
g4
I3
sg14
I308
sbasI1357
(lp811
(ibevents
DemoEvent
p812
(dp813
g4
I17
sbasI1367
(lp814
(ibevents
DemoEvent
p815
(dp816
g4
I1
sba(ibevents
DemoEvent
p817
(dp818
g4
I4
sbasI1368
(lp819
(ibevents
DemoEvent
p820
(dp821
g4
I4
sbasI1369
(lp822
(ibevents
DemoEvent
p823
(dp824
g4
I4
sbasI1370
(lp825
(ibevents
DemoEvent
p826
(dp827
g4
I4
sbasI1371
(lp828
(ibevents
DemoEvent
p829
(dp830
g4
I4
sbasI1372
(lp831
(ibevents
DemoEvent
p832
(dp833
g4
I4
sbasI1373
(lp834
(ibevents
DemoEvent
p835
(dp836
g4
I4
sbasI1374
(lp837
(ibevents
DemoEvent
p838
(dp839
g4
I4
sbasI1375
(lp840
(ibevents
DemoEvent
p841
(dp842
g4
I4
sbasI1376
(lp843
(ibevents
DemoEvent
p844
(dp845
g4
I1
sbasI1407
(lp846
(ibevents
DemoEvent
p847
(dp848
g4
I1
sbasI1510
(lp849
(ibevents
DemoEvent
p850
(dp851
g4
I17
sba(ibevents
DemoEvent
p852
(dp853
g4
I1
sbasI9735
(lp854
(ibevents
DemoEvent
p855
(dp856
g4
I17
sba(ibevents
DemoEvent
p857
(dp858
g4
I1
sbasI1572
(lp859
(ibevents
DemoEvent
p860
(dp861
g4
I2
sg14
I273
sbasI608
(lp862
(ibevents
DemoEvent
p863
(dp864
g4
I4
sbasI1614
(lp865
(ibevents
DemoEvent
p866
(dp867
g4
I2
sg14
I276
sbasI3344
(lp868
(ibevents
DemoEvent
p869
(dp870
g4
I3
sg14
I9
sbasI1643
(lp871
(ibevents
DemoEvent
p872
(dp873
g4
I3
sg14
I273
sbasI1648
(lp874
(ibevents
DemoEvent
p875
(dp876
g4
I3
sg14
I276
sbasI1655
(lp877
(ibevents
DemoEvent
p878
(dp879
g4
I2
sg14
I274
sbasI9875
(lp880
(ibevents
DemoEvent
p881
(dp882
g4
I1
sba(ibevents
DemoEvent
p883
(dp884
g4
I4
sbasI9877
(lp885
(ibevents
DemoEvent
p886
(dp887
g4
I4
sbasI9879
(lp888
(ibevents
DemoEvent
p889
(dp890
g4
I4
sbasI9880
(lp891
(ibevents
DemoEvent
p892
(dp893
g4
I4
sbasI9881
(lp894
(ibevents
DemoEvent
p895
(dp896
g4
I4
sbasI9883
(lp897
(ibevents
DemoEvent
p898
(dp899
g4
I4
sbasI9885
(lp900
(ibevents
DemoEvent
p901
(dp902
g4
I4
sbasI9887
(lp903
(ibevents
DemoEvent
p904
(dp905
g4
I4
sbasI9889
(lp906
(ibevents
DemoEvent
p907
(dp908
g4
I4
sbasI9891
(lp909
(ibevents
DemoEvent
p910
(dp911
g4
I4
sbasI9892
(lp912
(ibevents
DemoEvent
p913
(dp914
g4
I4
sbasI9893
(lp915
(ibevents
DemoEvent
p916
(dp917
g4
I4
sbasI9894
(lp918
(ibevents
DemoEvent
p919
(dp920
g4
I4
sbasI1703
(lp921
(ibevents
DemoEvent
p922
(dp923
g4
I3
sg14
I274
sbasI9896
(lp924
(ibevents
DemoEvent
p925
(dp926
g4
I4
sbasI9898
(lp927
(ibevents
DemoEvent
p928
(dp929
g4
I4
sbasI9900
(lp930
(ibevents
DemoEvent
p931
(dp932
g4
I4
sbasI9902
(lp933
(ibevents
DemoEvent
p934
(dp935
g4
I4
sbasI9903
(lp936
(ibevents
DemoEvent
p937
(dp938
g4
I4
sbasI9904
(lp939
(ibevents
DemoEvent
p940
(dp941
g4
I4
sbasI9906
(lp942
(ibevents
DemoEvent
p943
(dp944
g4
I4
sbasI9908
(lp945
(ibevents
DemoEvent
p946
(dp947
g4
I4
sbasI9910
(lp948
(ibevents
DemoEvent
p949
(dp950
g4
I4
sbasI9913
(lp951
(ibevents
DemoEvent
p952
(dp953
g4
I4
sbasI9914
(lp954
(ibevents
DemoEvent
p955
(dp956
g4
I4
sbasI9915
(lp957
(ibevents
DemoEvent
p958
(dp959
g4
I4
sbasI9916
(lp960
(ibevents
DemoEvent
p961
(dp962
g4
I4
sbasI9917
(lp963
(ibevents
DemoEvent
p964
(dp965
g4
I4
sbasI9918
(lp966
(ibevents
DemoEvent
p967
(dp968
g4
I4
sbasI9920
(lp969
(ibevents
DemoEvent
p970
(dp971
g4
I4
sbasI9927
(lp972
(ibevents
DemoEvent
p973
(dp974
g4
I4
sbasI1750
(lp975
(ibevents
DemoEvent
p976
(dp977
g4
I2
sg14
I273
sbasI9954
(lp978
(ibevents
DemoEvent
p979
(dp980
g254
I1
sg4
I5
sbasI9962
(lp981
(ibevents
DemoEvent
p982
(dp983
g254
I1
sg4
I6
sba(ibevents
DemoEvent
p984
(dp985
g4
I4
sbasI9969
(lp986
(ibevents
DemoEvent
p987
(dp988
g4
I4
sbasI9970
(lp989
(ibevents
DemoEvent
p990
(dp991
g4
I4
sbasI9972
(lp992
(ibevents
DemoEvent
p993
(dp994
g4
I4
sbasI9974
(lp995
(ibevents
DemoEvent
p996
(dp997
g4
I4
sbasI9976
(lp998
(ibevents
DemoEvent
p999
(dp1000
g4
I4
sbasI9977
(lp1001
(ibevents
DemoEvent
p1002
(dp1003
g4
I4
sbasI9978
(lp1004
(ibevents
DemoEvent
p1005
(dp1006
g4
I4
sbasI1797
(lp1007
(ibevents
DemoEvent
p1008
(dp1009
g4
I2
sg14
I275
sbasI9997
(lp1010
(ibevents
DemoEvent
p1011
(dp1012
g4
I4
sbasI9999
(lp1013
(ibevents
DemoEvent
p1014
(dp1015
g4
I4
sbasI10000
(lp1016
(ibevents
DemoEvent
p1017
(dp1018
g4
I4
sbasI10001
(lp1019
(ibevents
DemoEvent
p1020
(dp1021
g4
I4
sbasI10003
(lp1022
(ibevents
DemoEvent
p1023
(dp1024
g4
I4
sbasI1824
(lp1025
(ibevents
DemoEvent
p1026
(dp1027
g4
I3
sg14
I275
sbasI10021
(lp1028
(ibevents
DemoEvent
p1029
(dp1030
g4
I4
sbasI10023
(lp1031
(ibevents
DemoEvent
p1032
(dp1033
g4
I4
sbasI10026
(lp1034
(ibevents
DemoEvent
p1035
(dp1036
g4
I4
sba(ibevents
DemoEvent
p1037
(dp1038
g4
I4
sbasI10028
(lp1039
(ibevents
DemoEvent
p1040
(dp1041
g4
I4
sbasI10030
(lp1042
(ibevents
DemoEvent
p1043
(dp1044
g4
I4
sbasI10032
(lp1045
(ibevents
DemoEvent
p1046
(dp1047
g4
I4
sbasI10034
(lp1048
(ibevents
DemoEvent
p1049
(dp1050
g4
I4
sbasI10036
(lp1051
(ibevents
DemoEvent
p1052
(dp1053
g4
I4
sbasI10037
(lp1054
(ibevents
DemoEvent
p1055
(dp1056
g4
I4
sbasI10038
(lp1057
(ibevents
DemoEvent
p1058
(dp1059
g4
I4
sbasI10039
(lp1060
(ibevents
DemoEvent
p1061
(dp1062
g4
I4
sbasI1849
(lp1063
(ibevents
DemoEvent
p1064
(dp1065
g4
I3
sg14
I273
sbasI10043
(lp1066
(ibevents
DemoEvent
p1067
(dp1068
g4
I4
sbasI1852
(lp1069
(ibevents
DemoEvent
p1070
(dp1071
g4
I3
sg14
I276
sbasI10045
(lp1072
(ibevents
DemoEvent
p1073
(dp1074
g4
I4
sbasI10047
(lp1075
(ibevents
DemoEvent
p1076
(dp1077
g4
I4
sbasI10049
(lp1078
(ibevents
DemoEvent
p1079
(dp1080
g4
I4
sbasI10050
(lp1081
(ibevents
DemoEvent
p1082
(dp1083
g4
I4
sbasI10051
(lp1084
(ibevents
DemoEvent
p1085
(dp1086
g4
I4
sbasI10053
(lp1087
(ibevents
DemoEvent
p1088
(dp1089
g4
I4
sbasI1862
(lp1090
(ibevents
DemoEvent
p1091
(dp1092
g4
I2
sg14
I274
sbasI10055
(lp1093
(ibevents
DemoEvent
p1094
(dp1095
g4
I4
sbasI10057
(lp1096
(ibevents
DemoEvent
p1097
(dp1098
g4
I4
sbasI1869
(lp1099
(ibevents
DemoEvent
p1100
(dp1101
g4
I2
sg14
I276
sbasI10071
(lp1102
(ibevents
DemoEvent
p1103
(dp1104
g4
I4
sbasI1880
(lp1105
(ibevents
DemoEvent
p1106
(dp1107
g4
I3
sg14
I276
sbasI10073
(lp1108
(ibevents
DemoEvent
p1109
(dp1110
g4
I4
sbasI10074
(lp1111
(ibevents
DemoEvent
p1112
(dp1113
g4
I4
sbasI10075
(lp1114
(ibevents
DemoEvent
p1115
(dp1116
g4
I4
sbasI10077
(lp1117
(ibevents
DemoEvent
p1118
(dp1119
g4
I4
sbasI10079
(lp1120
(ibevents
DemoEvent
p1121
(dp1122
g4
I4
sbasI10081
(lp1123
(ibevents
DemoEvent
p1124
(dp1125
g4
I4
sbasI10083
(lp1126
(ibevents
DemoEvent
p1127
(dp1128
g4
I4
sbasI10085
(lp1129
(ibevents
DemoEvent
p1130
(dp1131
g4
I4
sbasI10086
(lp1132
(ibevents
DemoEvent
p1133
(dp1134
g4
I4
sbasI10087
(lp1135
(ibevents
DemoEvent
p1136
(dp1137
g4
I4
sbasI2859
(lp1138
(ibevents
DemoEvent
p1139
(dp1140
g4
I3
sg14
I273
sbasI10091
(lp1141
(ibevents
DemoEvent
p1142
(dp1143
g4
I4
sbasI10093
(lp1144
(ibevents
DemoEvent
p1145
(dp1146
g4
I4
sbasI10095
(lp1147
(ibevents
DemoEvent
p1148
(dp1149
g4
I4
sbasI10097
(lp1150
(ibevents
DemoEvent
p1151
(dp1152
g4
I4
sbasI10098
(lp1153
(ibevents
DemoEvent
p1154
(dp1155
g4
I4
sbasI10099
(lp1156
(ibevents
DemoEvent
p1157
(dp1158
g4
I4
sbasI1908
(lp1159
(ibevents
DemoEvent
p1160
(dp1161
g4
I3
sg14
I274
sbasI10101
(lp1162
(ibevents
DemoEvent
p1163
(dp1164
g4
I4
sbasI10103
(lp1165
(ibevents
DemoEvent
p1166
(dp1167
g4
I4
sbasI10105
(lp1168
(ibevents
DemoEvent
p1169
(dp1170
g4
I4
sbasI10107
(lp1171
(ibevents
DemoEvent
p1172
(dp1173
g4
I4
sbasI10109
(lp1174
(ibevents
DemoEvent
p1175
(dp1176
g4
I4
sbasI10111
(lp1177
(ibevents
DemoEvent
p1178
(dp1179
g254
I1
sg4
I5
sbasI10119
(lp1180
(ibevents
DemoEvent
p1181
(dp1182
g254
I1
sg4
I6
sba(ibevents
DemoEvent
p1183
(dp1184
g4
I4
sbasI10121
(lp1185
(ibevents
DemoEvent
p1186
(dp1187
g4
I4
sbasI10122
(lp1188
(ibevents
DemoEvent
p1189
(dp1190
g4
I4
sbasI10123
(lp1191
(ibevents
DemoEvent
p1192
(dp1193
g4
I4
sbasI10124
(lp1194
(ibevents
DemoEvent
p1195
(dp1196
g4
I4
sbasI10126
(lp1197
(ibevents
DemoEvent
p1198
(dp1199
g4
I4
sba(ibevents
DemoEvent
p1200
(dp1201
g4
I1
sbasI1940
(lp1202
(ibevents
DemoEvent
p1203
(dp1204
g4
I2
sg14
I273
sbasI11385
(lp1205
(ibevents
DemoEvent
p1206
(dp1207
g4
I4
sbasI2011
(lp1208
(ibevents
DemoEvent
p1209
(dp1210
g4
I2
sg14
I275
sbasI2040
(lp1211
(ibevents
DemoEvent
p1212
(dp1213
g4
I3
sg14
I275
sbasI2042
(lp1214
(ibevents
DemoEvent
p1215
(dp1216
g4
I3
sg14
I273
sbasI2045
(lp1217
(ibevents
DemoEvent
p1218
(dp1219
g4
I2
sg14
I276
sbas.(dp0
I1024
(I299
I128
tp1
sI1
(I0
I0
tp2
sI2
(I613
I180
tp3
sI1028
(I251
I114
tp4
sI1029
(I250
I114
tp5
sI11275
(I690
I599
tp6
sI1026
(I267
I118
tp7
sI11279
(I692
I590
tp8
sI10072
(I267
I405
tp9
sI11283
(I692
I587
tp10
sI1044
(I245
I118
tp11
sI1045
(I227
I144
tp12
sI1046
(I180
I215
tp13
sI11287
(I693
I571
tp14
sI1048
(I112
I361
tp15
sI11289
(I695
I568
tp16
sI1050
(I47
I542
tp17
sI11291
(I696
I567
tp18
sI10074
(I281
I406
tp19
sI10075
(I288
I406
tp20
sI11475
(I550
I328
tp21
sI11303
(I697
I563
tp22
sI10076
(I292
I402
tp23
sI11307
(I699
I556
tp24
sI11308
(I699
I555
tp25
sI11309
(I699
I554
tp26
sI11310
(I699
I550
tp27
sI11311
(I695
I544
tp28
sI11313
(I690
I550
tp29
sI10078
(I310
I393
tp30
sI10080
(I328
I366
tp31
sI11331
(I691
I550
tp32
sI11332
(I688
I554
tp33
sI11333
(I686
I552
tp34
sI11334
(I688
I554
tp35
sI11335
(I686
I556
tp36
sI11336
(I679
I552
tp37
sI11338
(I674
I538
tp38
sI11340
(I667
I521
tp39
sI11342
(I658
I498
tp40
sI11277
(I691
I592
tp41
sI11344
(I643
I479
tp42
sI11345
(I626
I459
tp43
sI11346
(I610
I441
tp44
sI11347
(I596
I427
tp45
sI11348
(I561
I400
tp46
sI9998
(I494
I442
tp47
sI11350
(I510
I366
tp48
sI11352
(I463
I347
tp49
sI11354
(I459
I347
tp50
sI603
(I629
I175
tp51
sI605
(I632
I175
tp52
sI608
(I626
I176
tp53
sI609
(I623
I178
tp54
sI610
(I620
I180
tp55
sI612
(I610
I184
tp56
sI614
(I575
I196
tp57
sI10001
(I509
I445
tp58
sI616
(I522
I213
tp59
sI618
(I475
I222
tp60
sI11371
(I499
I342
tp61
sI620
(I461
I221
tp62
sI621
(I458
I218
tp63
sI622
(I454
I211
tp64
sI624
(I444
I196
tp65
sI11368
(I462
I353
tp66
sI626
(I435
I184
tp67
sI628
(I429
I174
tp68
sI630
(I426
I165
tp69
sI11383
(I677
I392
tp70
sI632
(I425
I160
tp71
sI11284
(I692
I585
tp72
sI11386
(I685
I394
tp73
sI11370
(I495
I345
tp74
sI11285
(I694
I580
tp75
sI11392
(I682
I394
tp76
sI11394
(I664
I397
tp77
sI11395
(I647
I401
tp78
sI11396
(I621
I412
tp79
sI11286
(I690
I578
tp80
sI11398
(I580
I435
tp81
sI11400
(I550
I454
tp82
sI11372
(I508
I342
tp83
sI11402
(I524
I469
tp84
sI11404
(I501
I484
tp85
sI653
(I424
I159
tp86
sI11406
(I479
I498
tp87
sI11407
(I470
I503
tp88
sI11408
(I459
I510
tp89
sI11410
(I451
I515
tp90
sI9876
(I58
I569
tp91
sI11374
(I528
I345
tp92
sI9878
(I170
I516
tp93
sI9880
(I293
I474
tp94
sI9881
(I390
I447
tp95
sI9882
(I506
I415
tp96
sI11419
(I439
I487
tp97
sI9884
(I594
I395
tp98
sI9886
(I621
I396
tp99
sI9888
(I630
I402
tp100
sI11376
(I565
I355
tp101
sI9890
(I639
I409
tp102
sI9892
(I655
I415
tp103
sI9893
(I667
I420
tp104
sI9894
(I684
I425
tp105
sI9895
(I707
I433
tp106
sI9897
(I752
I446
tp107
sI9899
(I780
I457
tp108
sI9901
(I782
I460
tp109
sI9903
(I782
I466
tp110
sI9904
(I781
I478
tp111
sI9905
(I777
I493
tp112
sI9907
(I768
I528
tp113
sI9909
(I763
I545
tp114
sI9911
(I762
I547
tp115
sI11380
(I639
I378
tp116
sI9914
(I758
I545
tp117
sI9915
(I752
I541
tp118
sI9916
(I743
I537
tp119
sI9917
(I733
I532
tp120
sI9918
(I721
I526
tp121
sI9919
(I714
I523
tp122
sI9921
(I712
I523
tp123
sI11378
(I605
I367
tp124
sI9928
(I711
I523
tp125
sI10002
(I507
I449
tp126
sI11469
(I434
I466
tp127
sI11471
(I442
I441
tp128
sI11384
(I684
I394
tp129
sI11299
(I696
I566
tp130
sI11477
(I628
I264
tp131
sI11479
(I657
I245
tp132
sI11480
(I657
I244
tp133
sI735
(I413
I187
tp134
sI737
(I388
I264
tp135
sI738
(I368
I320
tp136
sI739
(I328
I404
tp137
sI741
(I258
I516
tp138
sI742
(I213
I579
tp139
sI11473
(I480
I390
tp140
sI9970
(I700
I524
tp141
sI9971
(I684
I524
tp142
sI9973
(I648
I513
tp143
sI9975
(I590
I479
tp144
sI9977
(I518
I438
tp145
sI9978
(I500
I435
tp146
sI9979
(I483
I437
tp147
sI1292
(I285
I546
tp148
sI1294
(I271
I483
tp149
sI1296
(I248
I409
tp150
sI1297
(I243
I384
tp151
sI1298
(I240
I365
tp152
sI1299
(I237
I356
tp153
sI10004
(I506
I450
tp154
sI1301
(I236
I346
tp155
sI1303
(I229
I309
tp156
sI1305
(I224
I266
tp157
sI1307
(I223
I252
tp158
sI1309
(I225
I246
tp159
sI1310
(I231
I239
tp160
sI1311
(I248
I221
tp161
sI1312
(I289
I179
tp162
sI1314
(I330
I126
tp163
sI1316
(I376
I37
tp164
sI1317
(I386
I16
tp165
sI10022
(I505
I450
tp166
sI10024
(I505
I449
tp167
sI10027
(I501
I449
tp168
sI10029
(I497
I449
tp169
sI10031
(I490
I449
tp170
sI10033
(I485
I449
tp171
sI10035
(I475
I449
tp172
sI10037
(I458
I449
tp173
sI10038
(I445
I449
tp174
sI10039
(I426
I451
tp175
sI10040
(I398
I453
tp176
sI11433
(I434
I469
tp177
sI10042
(I357
I455
tp178
sI10044
(I318
I455
tp179
sI11382
(I666
I387
tp180
sI10046
(I292
I450
tp181
sI10048
(I275
I443
tp182
sI10050
(I265
I434
tp183
sI10051
(I264
I432
tp184
sI10052
(I260
I425
tp185
sI10054
(I259
I410
tp186
sI10056
(I256
I398
tp187
sI10058
(I259
I401
tp188
sI1368
(I402
I28
tp189
sI1369
(I389
I70
tp190
sI1370
(I365
I151
tp191
sI1371
(I344
I225
tp192
sI1372
(I312
I322
tp193
sI1373
(I285
I399
tp194
sI1374
(I262
I465
tp195
sI1375
(I235
I542
tp196
sI1376
(I218
I590
tp197
sI10082
(I351
I326
tp198
sI10084
(I365
I306
tp199
sI10086
(I375
I285
tp200
sI10087
(I378
I272
tp201
sI10088
(I380
I254
tp202
sI10090
(I380
I233
tp203
sI10092
(I378
I220
tp204
sI10094
(I375
I214
tp205
sI10096
(I374
I210
tp206
sI10098
(I372
I205
tp207
sI10099
(I370
I199
tp208
sI10100
(I368
I192
tp209
sI10102
(I366
I181
tp210
sI10104
(I365
I171
tp211
sI11412
(I448
I516
tp212
sI10106
(I364
I167
tp213
sI10108
(I364
I165
tp214
sI10110
(I364
I164
tp215
sI10122
(I392
I173
tp216
sI10123
(I429
I186
tp217
sI10124
(I517
I216
tp218
sI10125
(I655
I259
tp219
sI10127
(I737
I287
tp220
sI11417
(I447
I511
tp221
sI11418
(I443
I501
tp222
sI10000
(I508
I445
tp223
sI11420
(I435
I473
tp224
sI11422
(I435
I469
tp225
sI1011
(I642
I557
tp226
sI1012
(I606
I503
tp227
sI1013
(I574
I445
tp228
sI1014
(I534
I390
tp229
sI1015
(I509
I352
tp230
sI1016
(I483
I311
tp231
sI1017
(I464
I283
tp232
sI1018
(I448
I257
tp233
sI1019
(I423
I227
tp234
sI1020
(I400
I204
tp235
sI1021
(I367
I174
tp236
sI1022
(I332
I146
tp237
sI11305
(I699
I558
tp238
s.