F1209059281.359
.(dp0
I1
(lp1
(ibevents
DemoEvent
p2
(dp3
S'type'
p4
I17
sba(ibevents
DemoEvent
p5
(dp6
g4
I1
sbasI3588
(lp7
(ibevents
DemoEvent
p8
(dp9
g4
I3
sS'key'
p10
I275
sbasI3589
(lp11
(ibevents
DemoEvent
p12
(dp13
g4
I2
sg10
I274
sbasI2049
(lp14
(ibevents
DemoEvent
p15
(dp16
g4
I3
sg10
I274
sbasI4105
(lp17
(ibevents
DemoEvent
p18
(dp19
g4
I2
sg10
I275
sbasI2578
(lp20
(ibevents
DemoEvent
p21
(dp22
g4
I3
sg10
I275
sbasI2579
(lp23
(ibevents
DemoEvent
p24
(dp25
g4
I2
sg10
I276
sbasI534
(lp26
(ibevents
DemoEvent
p27
(dp28
g4
I3
sg10
I275
sbasI537
(lp29
(ibevents
DemoEvent
p30
(dp31
g4
I3
sg10
I274
sbasI3564
(lp32
(ibevents
DemoEvent
p33
(dp34
g4
I2
sg10
I275
sbasI4126
(lp35
(ibevents
DemoEvent
p36
(dp37
g4
I3
sg10
I275
sbasI4130
(lp38
(ibevents
DemoEvent
p39
(dp40
g4
I2
sg10
I274
sbasI1585
(lp41
(ibevents
DemoEvent
p42
(dp43
g4
I2
sg10
I275
sbasI3634
(lp44
(ibevents
DemoEvent
p45
(dp46
g4
I3
sg10
I274
sba(ibevents
DemoEvent
p47
(dp48
g4
I2
sg10
I276
sbasI179
(lp49
(ibevents
DemoEvent
p50
(dp51
g4
I4
sbasI2228
(lp52
(ibevents
DemoEvent
p53
(dp54
g4
I3
sg10
I275
sbasI2106
(lp55
(ibevents
DemoEvent
p56
(dp57
g4
I2
sg10
I275
sbasI3935
(lp58
(ibevents
DemoEvent
p59
(dp60
g4
I3
sg10
I275
sbasI2627
(lp61
(ibevents
DemoEvent
p62
(dp63
g4
I3
sg10
I276
sba(ibevents
DemoEvent
p64
(dp65
g4
I2
sg10
I275
sbasI1604
(lp66
(ibevents
DemoEvent
p67
(dp68
g4
I3
sg10
I275
sbasI1096
(lp69
(ibevents
DemoEvent
p70
(dp71
g4
I2
sg10
I275
sbasI4172
(lp72
(ibevents
DemoEvent
p73
(dp74
g4
I3
sg10
I274
sba(ibevents
DemoEvent
p75
(dp76
g4
I2
sg10
I276
sbasI2127
(lp77
(ibevents
DemoEvent
p78
(dp79
g4
I3
sg10
I275
sbasI1624
(lp80
(ibevents
DemoEvent
p81
(dp82
g4
I2
sg10
I276
sbasI2404
(lp83
(ibevents
DemoEvent
p84
(dp85
g4
I2
sg10
I274
sbasI2143
(lp86
(ibevents
DemoEvent
p87
(dp88
g4
I2
sg10
I276
sbasI1122
(lp89
(ibevents
DemoEvent
p90
(dp91
g4
I3
sg10
I275
sbasI1638
(lp92
(ibevents
DemoEvent
p93
(dp94
g4
I3
sg10
I276
sba(ibevents
DemoEvent
p95
(dp96
g4
I2
sg10
I274
sbasI1129
(lp97
(ibevents
DemoEvent
p98
(dp99
g4
I2
sg10
I276
sbasI2677
(lp100
(ibevents
DemoEvent
p101
(dp102
g4
I3
sg10
I275
sbasI2679
(lp103
(ibevents
DemoEvent
p104
(dp105
g4
I2
sg10
I276
sbasI2178
(lp106
(ibevents
DemoEvent
p107
(dp108
g4
I3
sg10
I276
sba(ibevents
DemoEvent
p109
(dp110
g4
I2
sg10
I274
sbasI1157
(lp111
(ibevents
DemoEvent
p112
(dp113
g4
I3
sg10
I276
sba(ibevents
DemoEvent
p114
(dp115
g4
I2
sg10
I274
sbasI648
(lp116
(ibevents
DemoEvent
p117
(dp118
g4
I2
sg10
I276
sbasI2194
(lp119
(ibevents
DemoEvent
p120
(dp121
g4
I2
sg10
I275
sbasI1305
(lp122
(ibevents
DemoEvent
p123
(dp124
g4
I3
sg10
I275
sba(ibevents
DemoEvent
p125
(dp126
g4
I2
sg10
I274
sbasI1692
(lp127
(ibevents
DemoEvent
p128
(dp129
g4
I3
sg10
I274
sbasI3741
(lp130
(ibevents
DemoEvent
p131
(dp132
g4
I3
sg10
I275
sbasI670
(lp133
(ibevents
DemoEvent
p134
(dp135
g4
I3
sg10
I276
sbasI2720
(lp136
(ibevents
DemoEvent
p137
(dp138
g4
I3
sg10
I276
sba(ibevents
DemoEvent
p139
(dp140
g4
I2
sg10
I275
sbasI678
(lp141
(ibevents
DemoEvent
p142
(dp143
g4
I2
sg10
I274
sbasI172
(lp144
(ibevents
DemoEvent
p145
(dp146
g4
I1
sba(ibevents
DemoEvent
p147
(dp148
g4
I4
sbasI2221
(lp149
(ibevents
DemoEvent
p150
(dp151
g4
I3
sg10
I274
sbasI174
(lp152
(ibevents
DemoEvent
p153
(dp154
g4
I4
sbasI4271
(lp155
(ibevents
DemoEvent
p156
(dp157
g4
I3
sg10
I275
sbasI176
(lp158
(ibevents
DemoEvent
p159
(dp160
g4
I4
sbasI178
(lp161
(ibevents
DemoEvent
p162
(dp163
g4
I4
sbasI1203
(lp164
(ibevents
DemoEvent
p165
(dp166
g4
I3
sg10
I274
sbasI180
(lp167
(ibevents
DemoEvent
p168
(dp169
g4
I4
sbasI181
(lp170
(ibevents
DemoEvent
p171
(dp172
g4
I4
sbasI182
(lp173
(ibevents
DemoEvent
p174
(dp175
g4
I4
sbasI184
(lp176
(ibevents
DemoEvent
p177
(dp178
g4
I4
sbasI186
(lp179
(ibevents
DemoEvent
p180
(dp181
g4
I4
sbasI188
(lp182
(ibevents
DemoEvent
p183
(dp184
g4
I4
sbasI1738
(lp185
(ibevents
DemoEvent
p186
(dp187
g4
I2
sg10
I275
sbasI190
(lp188
(ibevents
DemoEvent
p189
(dp190
g4
I4
sbasI4287
(lp191
(ibevents
DemoEvent
p192
(dp193
g4
I2
sg10
I274
sbasI192
(lp194
(ibevents
DemoEvent
p195
(dp196
g4
I4
sbasI193
(lp197
(ibevents
DemoEvent
p198
(dp199
g4
I4
sbasI194
(lp200
(ibevents
DemoEvent
p201
(dp202
g4
I4
sbasI196
(lp203
(ibevents
DemoEvent
p204
(dp205
g4
I4
sbasI198
(lp206
(ibevents
DemoEvent
p207
(dp208
g4
I4
sbasI200
(lp209
(ibevents
DemoEvent
p210
(dp211
g4
I4
sbasI204
(lp212
(ibevents
DemoEvent
p213
(dp214
g4
I4
sbasI202
(lp215
(ibevents
DemoEvent
p216
(dp217
g4
I4
sbasI203
(lp218
(ibevents
DemoEvent
p219
(dp220
g4
I4
sbasI716
(lp221
(ibevents
DemoEvent
p222
(dp223
g4
I3
sg10
I274
sbasI2765
(lp224
(ibevents
DemoEvent
p225
(dp226
g4
I3
sg10
I275
sba(ibevents
DemoEvent
p227
(dp228
g4
I2
sg10
I276
sbasI206
(lp229
(ibevents
DemoEvent
p230
(dp231
g4
I4
sba(ibevents
DemoEvent
p232
(dp233
S'button'
p234
I1
sg4
I5
sba(ibevents
DemoEvent
p235
(dp236
g4
I4
sbasI3791
(lp237
(ibevents
DemoEvent
p238
(dp239
g4
I3
sg10
I276
sba(ibevents
DemoEvent
p240
(dp241
g4
I2
sg10
I274
sbasI4252
(lp242
(ibevents
DemoEvent
p243
(dp244
g4
I2
sg10
I275
sbasI214
(lp245
(ibevents
DemoEvent
p246
(dp247
g234
I1
sg4
I6
sba(ibevents
DemoEvent
p248
(dp249
g4
I4
sbasI220
(lp250
(ibevents
DemoEvent
p251
(dp252
g4
I4
sbasI1761
(lp253
(ibevents
DemoEvent
p254
(dp255
g4
I3
sg10
I275
sbasI3811
(lp256
(ibevents
DemoEvent
p257
(dp258
g4
I3
sg10
I275
sbasI228
(lp259
(ibevents
DemoEvent
p260
(dp261
g4
I4
sbasI229
(lp262
(ibevents
DemoEvent
p263
(dp264
g4
I4
sbasI230
(lp265
(ibevents
DemoEvent
p266
(dp267
g4
I4
sbasI231
(lp268
(ibevents
DemoEvent
p269
(dp270
g4
I4
sbasI233
(lp271
(ibevents
DemoEvent
p272
(dp273
g4
I4
sbasI2003
(lp274
(ibevents
DemoEvent
p275
(dp276
g4
I3
sg10
I276
sba(ibevents
DemoEvent
p277
(dp278
g4
I2
sg10
I274
sbasI250
(lp279
(ibevents
DemoEvent
p280
(dp281
g4
I4
sbasI1276
(lp282
(ibevents
DemoEvent
p283
(dp284
g4
I2
sg10
I275
sbasI253
(lp285
(ibevents
DemoEvent
p286
(dp287
g4
I4
sbasI254
(lp288
(ibevents
DemoEvent
p289
(dp290
g4
I4
sbasI255
(lp291
(ibevents
DemoEvent
p292
(dp293
g4
I4
sbasI258
(lp294
(ibevents
DemoEvent
p295
(dp296
g4
I4
sbasI260
(lp297
(ibevents
DemoEvent
p298
(dp299
g4
I4
sbasI264
(lp300
(ibevents
DemoEvent
p301
(dp302
g4
I4
sbasI1811
(lp303
(ibevents
DemoEvent
p304
(dp305
g4
I3
sg10
I276
sba(ibevents
DemoEvent
p306
(dp307
g4
I2
sg10
I274
sbasI279
(lp308
(ibevents
DemoEvent
p309
(dp310
g4
I4
sbasI281
(lp311
(ibevents
DemoEvent
p312
(dp313
g4
I4
sbasI283
(lp314
(ibevents
DemoEvent
p315
(dp316
g4
I4
sbasI285
(lp317
(ibevents
DemoEvent
p318
(dp319
g4
I4
sbasI286
(lp320
(ibevents
DemoEvent
p321
(dp322
g4
I1
sbasI3717
(lp323
(ibevents
DemoEvent
p324
(dp325
g4
I2
sg10
I275
sbasI3462
(lp326
(ibevents
DemoEvent
p327
(dp328
g4
I3
sg10
I275
sbasI3804
(lp329
(ibevents
DemoEvent
p330
(dp331
g4
I2
sg10
I275
sbasI2861
(lp332
(ibevents
DemoEvent
p333
(dp334
g4
I3
sg10
I275
sbasI2862
(lp335
(ibevents
DemoEvent
p336
(dp337
g4
I2
sg10
I276
sbasI3635
(lp338
(ibevents
DemoEvent
p339
(dp340
g4
I3
sg10
I276
sbasI1848
(lp341
(ibevents
DemoEvent
p342
(dp343
g4
I3
sg10
I274
sbasI3744
(lp344
(ibevents
DemoEvent
p345
(dp346
g4
I2
sg10
I276
sbasI3393
(lp347
(ibevents
DemoEvent
p348
(dp349
g4
I2
sg10
I275
sbasI1353
(lp350
(ibevents
DemoEvent
p351
(dp352
g4
I3
sg10
I274
sbasI1354
(lp353
(ibevents
DemoEvent
p354
(dp355
g4
I2
sg10
I276
sbasI3915
(lp356
(ibevents
DemoEvent
p357
(dp358
g4
I2
sg10
I275
sbasI846
(lp359
(ibevents
DemoEvent
p360
(dp361
g4
I2
sg10
I275
sbasI1362
(lp362
(ibevents
DemoEvent
p363
(dp364
g4
I3
sg10
I276
sbasI3413
(lp365
(ibevents
DemoEvent
p366
(dp367
g4
I3
sg10
I275
sbasI3417
(lp368
(ibevents
DemoEvent
p369
(dp370
g4
I2
sg10
I274
sbasI2907
(lp371
(ibevents
DemoEvent
p372
(dp373
g4
I3
sg10
I276
sba(ibevents
DemoEvent
p374
(dp375
g4
I2
sg10
I275
sbasI1765
(lp376
(ibevents
DemoEvent
p377
(dp378
g4
I2
sg10
I276
sbasI864
(lp379
(ibevents
DemoEvent
p380
(dp381
g4
I3
sg10
I275
sbasI868
(lp382
(ibevents
DemoEvent
p383
(dp384
g4
I2
sg10
I276
sbasI3944
(lp385
(ibevents
DemoEvent
p386
(dp387
g4
I2
sg10
I276
sbasI880
(lp388
(ibevents
DemoEvent
p389
(dp390
g4
I3
sg10
I276
sbasI3447
(lp391
(ibevents
DemoEvent
p392
(dp393
g4
I2
sg10
I275
sbasI1402
(lp394
(ibevents
DemoEvent
p395
(dp396
g4
I2
sg10
I275
sbasI3970
(lp397
(ibevents
DemoEvent
p398
(dp399
g4
I3
sg10
I276
sba(ibevents
DemoEvent
p400
(dp401
g4
I2
sg10
I274
sbasI2950
(lp402
(ibevents
DemoEvent
p403
(dp404
g4
I3
sg10
I275
sbasI903
(lp405
(ibevents
DemoEvent
p406
(dp407
g4
I2
sg10
I276
sbasI2952
(lp408
(ibevents
DemoEvent
p409
(dp410
g4
I2
sg10
I276
sbasI3465
(lp411
(ibevents
DemoEvent
p412
(dp413
g4
I3
sg10
I274
sbasI2445
(lp414
(ibevents
DemoEvent
p415
(dp416
g4
I3
sg10
I274
sbasI400
(lp417
(ibevents
DemoEvent
p418
(dp419
g4
I2
sg10
I273
sbasI1426
(lp420
(ibevents
DemoEvent
p421
(dp422
g4
I3
sg10
I275
sbasI1429
(lp423
(ibevents
DemoEvent
p424
(dp425
g4
I2
sg10
I276
sbasI937
(lp426
(ibevents
DemoEvent
p427
(dp428
g4
I3
sg10
I276
sbasI2986
(lp429
(ibevents
DemoEvent
p430
(dp431
g4
I3
sg10
I276
sba(ibevents
DemoEvent
p432
(dp433
g4
I2
sg10
I274
sbasI1963
(lp434
(ibevents
DemoEvent
p435
(dp436
g4
I2
sg10
I275
sbasI4016
(lp437
(ibevents
DemoEvent
p438
(dp439
g4
I3
sg10
I274
sbasI950
(lp440
(ibevents
DemoEvent
p441
(dp442
g4
I2
sg10
I275
sbasI957
(lp443
(ibevents
DemoEvent
p444
(dp445
g4
I2
sg10
I274
sbasI1471
(lp446
(ibevents
DemoEvent
p447
(dp448
g4
I3
sg10
I276
sba(ibevents
DemoEvent
p449
(dp450
g4
I2
sg10
I274
sbasI1985
(lp451
(ibevents
DemoEvent
p452
(dp453
g4
I3
sg10
I275
sbasI1996
(lp454
(ibevents
DemoEvent
p455
(dp456
g4
I2
sg10
I276
sbasI1486
(lp457
(ibevents
DemoEvent
p458
(dp459
g4
I2
sg10
I275
sbasI467
(lp460
(ibevents
DemoEvent
p461
(dp462
g4
I2
sg10
I275
sbasI985
(lp463
(ibevents
DemoEvent
p464
(dp465
g4
I3
sg10
I275
sbasI4175
(lp466
(ibevents
DemoEvent
p467
(dp468
g4
I3
sg10
I276
sbasI3834
(lp469
(ibevents
DemoEvent
p470
(dp471
g4
I3
sg10
I274
sbasI3044
(lp472
(ibevents
DemoEvent
p473
(dp474
g4
I3
sg10
I274
sbasI2812
(lp475
(ibevents
DemoEvent
p476
(dp477
g4
I3
sg10
I276
sba(ibevents
DemoEvent
p478
(dp479
g4
I2
sg10
I275
sbasI998
(lp480
(ibevents
DemoEvent
p481
(dp482
g4
I3
sg10
I274
sbasI252
(lp483
(ibevents
DemoEvent
p484
(dp485
g4
I4
sbasI492
(lp486
(ibevents
DemoEvent
p487
(dp488
g4
I2
sg10
I274
sbasI1518
(lp489
(ibevents
DemoEvent
p490
(dp491
g4
I3
sg10
I275
sbasI1522
(lp492
(ibevents
DemoEvent
p493
(dp494
g4
I3
sg10
I274
sbasI2553
(lp495
(ibevents
DemoEvent
p496
(dp497
g4
I2
sg10
I275
sbas.(dp0
I256
(I438
I203
tp1
sI1
(I0
I0
tp2
sI259
(I439
I201
tp3
sI261
(I438
I200
tp4
sI265
(I438
I199
tp5
sI280
(I450
I204
tp6
sI282
(I512
I226
tp7
sI284
(I600
I249
tp8
sI286
(I761
I287
tp9
sI173
(I793
I534
tp10
sI175
(I778
I466
tp11
sI177
(I756
I331
tp12
sI179
(I741
I277
tp13
sI180
(I733
I265
tp14
sI181
(I722
I257
tp15
sI182
(I711
I248
tp16
sI183
(I700
I235
tp17
sI185
(I687
I215
tp18
sI187
(I679
I204
tp19
sI189
(I673
I203
tp20
sI191
(I654
I204
tp21
sI193
(I621
I206
tp22
sI194
(I608
I206
tp23
sI195
(I584
I200
tp24
sI197
(I547
I187
tp25
sI199
(I508
I175
tp26
sI201
(I480
I163
tp27
sI203
(I458
I156
tp28
sI204
(I451
I154
tp29
sI205
(I449
I154
tp30
sI207
(I447
I154
tp31
sI221
(I448
I154
tp32
sI229
(I448
I155
tp33
sI230
(I450
I165
tp34
sI231
(I446
I176
tp35
sI232
(I444
I188
tp36
sI234
(I436
I198
tp37
sI251
(I438
I197
tp38
sI253
(I438
I201
tp39
sI254
(I438
I203
tp40
sI255
(I438
I204
tp41
s.