F1209142692.546
.(dp0
I1
(lp1
(ibevents
DemoEvent
p2
(dp3
S'type'
p4
I17
sba(ibevents
DemoEvent
p5
(dp6
g4
I4
sbasI11947
(lp7
(ibevents
DemoEvent
p8
(dp9
g4
I3
sS'key'
p10
I275
sbasI2056
(lp11
(ibevents
DemoEvent
p12
(dp13
g4
I2
sg10
I275
sbasI12303
(lp14
(ibevents
DemoEvent
p15
(dp16
g4
I3
sg10
I274
sbasI8215
(lp17
(ibevents
DemoEvent
p18
(dp19
g4
I3
sg10
I276
sbasI2735
(lp20
(ibevents
DemoEvent
p21
(dp22
g4
I3
sg10
I276
sba(ibevents
DemoEvent
p23
(dp24
g4
I2
sg10
I275
sbasI4126
(lp25
(ibevents
DemoEvent
p26
(dp27
g4
I3
sg10
I275
sbasI12320
(lp28
(ibevents
DemoEvent
p29
(dp30
g4
I3
sg10
I273
sbasI4130
(lp31
(ibevents
DemoEvent
p32
(dp33
g4
I2
sg10
I276
sbasI6183
(lp34
(ibevents
DemoEvent
p35
(dp36
g4
I3
sg10
I274
sbasI2089
(lp37
(ibevents
DemoEvent
p38
(dp39
g4
I3
sg10
I275
sbasI8236
(lp40
(ibevents
DemoEvent
p41
(dp42
g4
I2
sg10
I274
sbasI2097
(lp43
(ibevents
DemoEvent
p44
(dp45
g4
I2
sg10
I276
sbasI6209
(lp46
(ibevents
DemoEvent
p47
(dp48
g4
I2
sg10
I275
sbasI8268
(lp49
(ibevents
DemoEvent
p50
(dp51
g4
I3
sg10
I275
sbasI4173
(lp52
(ibevents
DemoEvent
p53
(dp54
g4
I3
sg10
I276
sbasI8274
(lp55
(ibevents
DemoEvent
p56
(dp57
g4
I3
sg10
I274
sbasI2135
(lp58
(ibevents
DemoEvent
p59
(dp60
g4
I3
sg10
I276
sbasI2137
(lp61
(ibevents
DemoEvent
p62
(dp63
g4
I2
sg10
I274
sbasI6234
(lp64
(ibevents
DemoEvent
p65
(dp66
g4
I3
sg10
I275
sbasI4194
(lp67
(ibevents
DemoEvent
p68
(dp69
g4
I2
sg10
I275
sbasI4200
(lp70
(ibevents
DemoEvent
p71
(dp72
g4
I2
sg10
I274
sbasI127
(lp73
(ibevents
DemoEvent
p74
(dp75
g4
I4
sbasI129
(lp76
(ibevents
DemoEvent
p77
(dp78
g4
I4
sbasI130
(lp79
(ibevents
DemoEvent
p80
(dp81
g4
I4
sbasI131
(lp82
(ibevents
DemoEvent
p83
(dp84
g4
I4
sbasI132
(lp85
(ibevents
DemoEvent
p86
(dp87
g4
I4
sbasI133
(lp88
(ibevents
DemoEvent
p89
(dp90
g4
I4
sbasI135
(lp91
(ibevents
DemoEvent
p92
(dp93
g4
I4
sbasI2184
(lp94
(ibevents
DemoEvent
p95
(dp96
g4
I3
sg10
I274
sbasI137
(lp97
(ibevents
DemoEvent
p98
(dp99
g4
I4
sbasI139
(lp100
(ibevents
DemoEvent
p101
(dp102
g4
I4
sbasI141
(lp103
(ibevents
DemoEvent
p104
(dp105
g4
I4
sbasI143
(lp106
(ibevents
DemoEvent
p107
(dp108
g4
I4
sbasI144
(lp109
(ibevents
DemoEvent
p110
(dp111
g4
I4
sbasI145
(lp112
(ibevents
DemoEvent
p113
(dp114
g4
I4
sba(ibevents
DemoEvent
p115
(dp116
g4
I4
sbasI147
(lp117
(ibevents
DemoEvent
p118
(dp119
g4
I4
sbasI4244
(lp120
(ibevents
DemoEvent
p121
(dp122
g4
I3
sg10
I275
sbasI149
(lp123
(ibevents
DemoEvent
p124
(dp125
g4
I4
sbasI153
(lp126
(ibevents
DemoEvent
p127
(dp128
S'button'
p129
I1
sg4
I5
sbasI6300
(lp130
(ibevents
DemoEvent
p131
(dp132
g4
I2
sg10
I275
sbasI158
(lp133
(ibevents
DemoEvent
p134
(dp135
g129
I1
sg4
I6
sba(ibevents
DemoEvent
p136
(dp137
g4
I4
sbasI175
(lp138
(ibevents
DemoEvent
p139
(dp140
g4
I4
sbasI177
(lp141
(ibevents
DemoEvent
p142
(dp143
g4
I4
sbasI179
(lp144
(ibevents
DemoEvent
p145
(dp146
g4
I4
sbasI180
(lp147
(ibevents
DemoEvent
p148
(dp149
g4
I4
sbasI8222
(lp150
(ibevents
DemoEvent
p151
(dp152
g4
I2
sg10
I275
sbasI182
(lp153
(ibevents
DemoEvent
p154
(dp155
g4
I4
sbasI6327
(lp156
(ibevents
DemoEvent
p157
(dp158
g4
I3
sg10
I275
sbasI184
(lp159
(ibevents
DemoEvent
p160
(dp161
g4
I1
sbasI6333
(lp162
(ibevents
DemoEvent
p163
(dp164
g4
I3
sg10
I274
sbasI8393
(lp165
(ibevents
DemoEvent
p166
(dp167
g4
I2
sg10
I275
sbasI2250
(lp168
(ibevents
DemoEvent
p169
(dp170
g4
I2
sg10
I275
sbasI8418
(lp171
(ibevents
DemoEvent
p172
(dp173
g4
I3
sg10
I275
sbasI8425
(lp174
(ibevents
DemoEvent
p175
(dp176
g4
I2
sg10
I276
sbasI2282
(lp177
(ibevents
DemoEvent
p178
(dp179
g4
I3
sg10
I275
sbasI12533
(lp180
(ibevents
DemoEvent
p181
(dp182
g4
I2
sg10
I273
sbasI2296
(lp183
(ibevents
DemoEvent
p184
(dp185
g4
I2
sg10
I276
sbasI6394
(lp186
(ibevents
DemoEvent
p187
(dp188
g4
I2
sg10
I275
sbasI6402
(lp189
(ibevents
DemoEvent
p190
(dp191
g4
I3
sg10
I275
sbasI2325
(lp192
(ibevents
DemoEvent
p193
(dp194
g4
I3
sg10
I276
sba(ibevents
DemoEvent
p195
(dp196
g4
I2
sg10
I274
sbasI11993
(lp197
(ibevents
DemoEvent
p198
(dp199
g4
I2
sg10
I275
sbasI4376
(lp200
(ibevents
DemoEvent
p201
(dp202
g4
I3
sg10
I275
sbasI4378
(lp203
(ibevents
DemoEvent
p204
(dp205
g4
I2
sg10
I276
sbasI8477
(lp206
(ibevents
DemoEvent
p207
(dp208
g4
I2
sg10
I274
sba(ibevents
DemoEvent
p209
(dp210
g4
I2
sg10
I275
sbasI12575
(lp211
(ibevents
DemoEvent
p212
(dp213
g4
I2
sg10
I274
sbasI731
(lp214
(ibevents
DemoEvent
p215
(dp216
g4
I3
sg10
I275
sbasI295
(lp217
(ibevents
DemoEvent
p218
(dp219
g4
I2
sg10
I273
sbasI10537
(lp220
(ibevents
DemoEvent
p221
(dp222
g4
I2
sg10
I275
sbasI8494
(lp223
(ibevents
DemoEvent
p224
(dp225
g4
I3
sg10
I275
sbasI2369
(lp226
(ibevents
DemoEvent
p227
(dp228
g4
I3
sg10
I274
sbasI10563
(lp229
(ibevents
DemoEvent
p230
(dp231
g4
I3
sg10
I275
sbasI4420
(lp232
(ibevents
DemoEvent
p233
(dp234
g4
I3
sg10
I276
sba(ibevents
DemoEvent
p235
(dp236
g4
I2
sg10
I274
sbasI4423
(lp237
(ibevents
DemoEvent
p238
(dp239
g4
I2
sg10
I275
sbasI10575
(lp240
(ibevents
DemoEvent
p241
(dp242
g4
I2
sg10
I276
sbasI8536
(lp243
(ibevents
DemoEvent
p244
(dp245
g4
I3
sg10
I274
sbasI10613
(lp246
(ibevents
DemoEvent
p247
(dp248
g4
I3
sg10
I276
sbasI4471
(lp249
(ibevents
DemoEvent
p250
(dp251
g4
I3
sg10
I274
sba(ibevents
DemoEvent
p252
(dp253
g4
I3
sg10
I275
sbasI10616
(lp254
(ibevents
DemoEvent
p255
(dp256
g4
I2
sg10
I275
sbasI10621
(lp257
(ibevents
DemoEvent
p258
(dp259
g4
I2
sg10
I274
sbasI4507
(lp260
(ibevents
DemoEvent
p261
(dp262
g4
I2
sg10
I275
sbasI415
(lp263
(ibevents
DemoEvent
p264
(dp265
g4
I2
sg10
I276
sbasI4516
(lp266
(ibevents
DemoEvent
p267
(dp268
g4
I2
sg10
I274
sbasI10671
(lp269
(ibevents
DemoEvent
p270
(dp271
g4
I3
sg10
I275
sbasI10674
(lp272
(ibevents
DemoEvent
p273
(dp274
g4
I3
sg10
I274
sbasI4546
(lp275
(ibevents
DemoEvent
p276
(dp277
g4
I3
sg10
I275
sbasI8644
(lp278
(ibevents
DemoEvent
p279
(dp280
g4
I2
sg10
I275
sbasI2507
(lp281
(ibevents
DemoEvent
p282
(dp283
g4
I2
sg10
I275
sbasI468
(lp284
(ibevents
DemoEvent
p285
(dp286
g4
I3
sg10
I276
sba(ibevents
DemoEvent
p287
(dp288
g4
I2
sg10
I274
sba(ibevents
DemoEvent
p289
(dp290
g4
I2
sg10
I275
sbasI2517
(lp291
(ibevents
DemoEvent
p292
(dp293
g4
I3
sg10
I275
sbasI2523
(lp294
(ibevents
DemoEvent
p295
(dp296
g4
I2
sg10
I274
sbasI4572
(lp297
(ibevents
DemoEvent
p298
(dp299
g4
I3
sg10
I274
sbasI9978
(lp300
(ibevents
DemoEvent
p301
(dp302
g4
I2
sg10
I275
sbasI8671
(lp303
(ibevents
DemoEvent
p304
(dp305
g4
I3
sg10
I275
sbasI8674
(lp306
(ibevents
DemoEvent
p307
(dp308
g4
I2
sg10
I276
sbasI5542
(lp309
(ibevents
DemoEvent
p310
(dp311
g4
I2
sg10
I275
sbasI5547
(lp312
(ibevents
DemoEvent
p313
(dp314
g4
I2
sg10
I274
sbasI2565
(lp315
(ibevents
DemoEvent
p316
(dp317
g4
I3
sg10
I274
sbasI4622
(lp318
(ibevents
DemoEvent
p319
(dp320
g4
I2
sg10
I275
sbasI528
(lp321
(ibevents
DemoEvent
p322
(dp323
g4
I3
sg10
I275
sbasI4625
(lp324
(ibevents
DemoEvent
p325
(dp326
g4
I2
sg10
I274
sbasI8722
(lp327
(ibevents
DemoEvent
p328
(dp329
g4
I3
sg10
I276
sbasI8727
(lp330
(ibevents
DemoEvent
p331
(dp332
g4
I2
sg10
I275
sbasI8731
(lp333
(ibevents
DemoEvent
p334
(dp335
g4
I2
sg10
I274
sbasI6687
(lp336
(ibevents
DemoEvent
p337
(dp338
g4
I2
sg10
I275
sbasI548
(lp339
(ibevents
DemoEvent
p340
(dp341
g4
I3
sg10
I274
sbasI10795
(lp342
(ibevents
DemoEvent
p343
(dp344
g4
I3
sg10
I275
sbasI10797
(lp345
(ibevents
DemoEvent
p346
(dp347
g4
I2
sg10
I276
sbasI6712
(lp348
(ibevents
DemoEvent
p349
(dp350
g4
I3
sg10
I275
sbasI4670
(lp351
(ibevents
DemoEvent
p352
(dp353
g4
I3
sg10
I275
sbasI6719
(lp354
(ibevents
DemoEvent
p355
(dp356
g4
I2
sg10
I276
sbasI4676
(lp357
(ibevents
DemoEvent
p358
(dp359
g4
I3
sg10
I274
sbasI8780
(lp360
(ibevents
DemoEvent
p361
(dp362
g4
I3
sg10
I275
sbasI6242
(lp363
(ibevents
DemoEvent
p364
(dp365
g4
I2
sg10
I276
sbasI10847
(lp366
(ibevents
DemoEvent
p367
(dp368
g4
I3
sg10
I276
sbasI10851
(lp369
(ibevents
DemoEvent
p370
(dp371
g4
I2
sg10
I275
sbasI6757
(lp372
(ibevents
DemoEvent
p373
(dp374
g4
I3
sg10
I276
sbasI6758
(lp375
(ibevents
DemoEvent
p376
(dp377
g4
I2
sg10
I275
sbasI10855
(lp378
(ibevents
DemoEvent
p379
(dp380
g4
I2
sg10
I274
sbasI2666
(lp381
(ibevents
DemoEvent
p382
(dp383
g4
I2
sg10
I275
sbasI6764
(lp384
(ibevents
DemoEvent
p385
(dp386
g4
I2
sg10
I274
sbasI2690
(lp387
(ibevents
DemoEvent
p388
(dp389
g4
I3
sg10
I275
sbasI2692
(lp390
(ibevents
DemoEvent
p391
(dp392
g4
I2
sg10
I276
sbasI652
(lp393
(ibevents
DemoEvent
p394
(dp395
g4
I2
sg10
I276
sbasI8846
(lp396
(ibevents
DemoEvent
p397
(dp398
g4
I2
sg10
I275
sbasI10904
(lp399
(ibevents
DemoEvent
p400
(dp401
g4
I3
sg10
I275
sbasI10905
(lp402
(ibevents
DemoEvent
p403
(dp404
g4
I3
sg10
I274
sbasI674
(lp405
(ibevents
DemoEvent
p406
(dp407
g4
I3
sg10
I276
sbasI681
(lp408
(ibevents
DemoEvent
p409
(dp410
g4
I2
sg10
I275
sbasI6826
(lp411
(ibevents
DemoEvent
p412
(dp413
g4
I3
sg10
I274
sbasI685
(lp414
(ibevents
DemoEvent
p415
(dp416
g4
I2
sg10
I274
sbasI8879
(lp417
(ibevents
DemoEvent
p418
(dp419
g4
I3
sg10
I275
sbasI8884
(lp420
(ibevents
DemoEvent
p421
(dp422
g4
I2
sg10
I276
sbasI12062
(lp423
(ibevents
DemoEvent
p424
(dp425
g4
I3
sg10
I276
sba(ibevents
DemoEvent
p426
(dp427
g4
I2
sg10
I274
sbasI978
(lp428
(ibevents
DemoEvent
p429
(dp430
g4
I2
sg10
I275
sbasI10955
(lp431
(ibevents
DemoEvent
p432
(dp433
g4
I2
sg10
I275
sbasI8923
(lp434
(ibevents
DemoEvent
p435
(dp436
g4
I3
sg10
I276
sba(ibevents
DemoEvent
p437
(dp438
g4
I2
sg10
I274
sbasI732
(lp439
(ibevents
DemoEvent
p440
(dp441
g4
I3
sg10
I274
sbasI2784
(lp442
(ibevents
DemoEvent
p443
(dp444
g4
I3
sg10
I275
sba(ibevents
DemoEvent
p445
(dp446
g4
I2
sg10
I276
sbasI4838
(lp447
(ibevents
DemoEvent
p448
(dp449
g4
I2
sg10
I275
sbasI11686
(lp450
(ibevents
DemoEvent
p451
(dp452
g4
I2
sg10
I275
sbasI4842
(lp453
(ibevents
DemoEvent
p454
(dp455
g4
I2
sg10
I274
sbasI6892
(lp456
(ibevents
DemoEvent
p457
(dp458
g4
I2
sg10
I275
sbasI10990
(lp459
(ibevents
DemoEvent
p460
(dp461
g4
I3
sg10
I275
sbasI10991
(lp462
(ibevents
DemoEvent
p463
(dp464
g4
I2
sg10
I276
sbasI6918
(lp465
(ibevents
DemoEvent
p466
(dp467
g4
I3
sg10
I275
sbasI5932
(lp468
(ibevents
DemoEvent
p469
(dp470
g4
I3
sg10
I276
sbasI2828
(lp471
(ibevents
DemoEvent
p472
(dp473
g4
I3
sg10
I276
sba(ibevents
DemoEvent
p474
(dp475
g4
I2
sg10
I275
sbasI6926
(lp476
(ibevents
DemoEvent
p477
(dp478
g4
I2
sg10
I276
sbasI8981
(lp479
(ibevents
DemoEvent
p480
(dp481
g4
I3
sg10
I274
sbasI4888
(lp482
(ibevents
DemoEvent
p483
(dp484
g4
I3
sg10
I275
sba(ibevents
DemoEvent
p485
(dp486
g4
I3
sg10
I274
sbasI11034
(lp487
(ibevents
DemoEvent
p488
(dp489
g4
I3
sg10
I276
sbasI11036
(lp490
(ibevents
DemoEvent
p491
(dp492
g4
I2
sg10
I275
sbasI799
(lp493
(ibevents
DemoEvent
p494
(dp495
g4
I2
sg10
I275
sbasI6946
(lp496
(ibevents
DemoEvent
p497
(dp498
g4
I3
sg10
I276
sba(ibevents
DemoEvent
p499
(dp500
g4
I2
sg10
I274
sbasI11043
(lp501
(ibevents
DemoEvent
p502
(dp503
g4
I2
sg10
I274
sbasI6279
(lp504
(ibevents
DemoEvent
p505
(dp506
g4
I3
sg10
I276
sba(ibevents
DemoEvent
p507
(dp508
g4
I2
sg10
I274
sbasI815
(lp509
(ibevents
DemoEvent
p510
(dp511
g4
I3
sg10
I275
sbasI2877
(lp512
(ibevents
DemoEvent
p513
(dp514
g4
I3
sg10
I275
sbasI2883
(lp515
(ibevents
DemoEvent
p516
(dp517
g4
I2
sg10
I276
sbasI837
(lp518
(ibevents
DemoEvent
p519
(dp520
g4
I2
sg10
I276
sbasI9034
(lp521
(ibevents
DemoEvent
p522
(dp523
g4
I2
sg10
I275
sbasI4237
(lp524
(ibevents
DemoEvent
p525
(dp526
g4
I3
sg10
I274
sbasI11090
(lp527
(ibevents
DemoEvent
p528
(dp529
g4
I3
sg10
I274
sbasI11091
(lp530
(ibevents
DemoEvent
p531
(dp532
g4
I3
sg10
I275
sbasI7002
(lp533
(ibevents
DemoEvent
p534
(dp535
g4
I3
sg10
I274
sbasI863
(lp536
(ibevents
DemoEvent
p537
(dp538
g4
I3
sg10
I276
sba(ibevents
DemoEvent
p539
(dp540
g4
I2
sg10
I274
sbasI872
(lp541
(ibevents
DemoEvent
p542
(dp543
g4
I2
sg10
I275
sbasI9065
(lp544
(ibevents
DemoEvent
p545
(dp546
g4
I3
sg10
I275
sbasI9068
(lp547
(ibevents
DemoEvent
p548
(dp549
g4
I2
sg10
I276
sbasI2925
(lp550
(ibevents
DemoEvent
p551
(dp552
g4
I3
sg10
I276
sba(ibevents
DemoEvent
p553
(dp554
g4
I2
sg10
I274
sbasI2927
(lp555
(ibevents
DemoEvent
p556
(dp557
g4
I2
sg10
I275
sbasI903
(lp558
(ibevents
DemoEvent
p559
(dp560
g4
I3
sg10
I275
sbasI11148
(lp561
(ibevents
DemoEvent
p562
(dp563
g4
I2
sg10
I275
sbasI7059
(lp564
(ibevents
DemoEvent
p565
(dp566
g4
I2
sg10
I275
sbasI9111
(lp567
(ibevents
DemoEvent
p568
(dp569
g4
I2
sg10
I275
sbasI9113
(lp570
(ibevents
DemoEvent
p571
(dp572
g4
I2
sg10
I274
sbasI925
(lp573
(ibevents
DemoEvent
p574
(dp575
g4
I3
sg10
I274
sbasI2977
(lp576
(ibevents
DemoEvent
p577
(dp578
g4
I3
sg10
I275
sbasI2980
(lp579
(ibevents
DemoEvent
p580
(dp581
g4
I3
sg10
I274
sbasI11179
(lp582
(ibevents
DemoEvent
p583
(dp584
g4
I3
sg10
I275
sbasI7087
(lp585
(ibevents
DemoEvent
p586
(dp587
g4
I3
sg10
I275
sbasI7094
(lp588
(ibevents
DemoEvent
p589
(dp590
g4
I2
sg10
I276
sbasI9157
(lp591
(ibevents
DemoEvent
p592
(dp593
g4
I3
sg10
I275
sbasI7122
(lp594
(ibevents
DemoEvent
p595
(dp596
g4
I3
sg10
I276
sba(ibevents
DemoEvent
p597
(dp598
g4
I2
sg10
I274
sbasI984
(lp599
(ibevents
DemoEvent
p600
(dp601
g4
I2
sg10
I274
sbasI11226
(lp602
(ibevents
DemoEvent
p603
(dp604
g4
I2
sg10
I275
sbasI10064
(lp605
(ibevents
DemoEvent
p606
(dp607
g4
I3
sg10
I276
sbasI11236
(lp608
(ibevents
DemoEvent
p609
(dp610
g4
I2
sg10
I274
sbasI3047
(lp611
(ibevents
DemoEvent
p612
(dp613
g4
I2
sg10
I275
sbasI1003
(lp614
(ibevents
DemoEvent
p615
(dp616
g4
I3
sg10
I275
sbasI9209
(lp617
(ibevents
DemoEvent
p618
(dp619
g4
I2
sg10
I275
sbasI7170
(lp620
(ibevents
DemoEvent
p621
(dp622
g4
I3
sg10
I274
sbasI3075
(lp623
(ibevents
DemoEvent
p624
(dp625
g4
I3
sg10
I275
sbasI3076
(lp626
(ibevents
DemoEvent
p627
(dp628
g4
I2
sg10
I276
sbasI1041
(lp629
(ibevents
DemoEvent
p630
(dp631
g4
I3
sg10
I274
sbasI11283
(lp632
(ibevents
DemoEvent
p633
(dp634
g4
I3
sg10
I275
sba(ibevents
DemoEvent
p635
(dp636
g4
I3
sg10
I274
sbasI9241
(lp637
(ibevents
DemoEvent
p638
(dp639
g4
I3
sg10
I275
sbasI9246
(lp640
(ibevents
DemoEvent
p641
(dp642
g4
I2
sg10
I276
sbasI12124
(lp643
(ibevents
DemoEvent
p644
(dp645
g4
I3
sg10
I275
sbasI7210
(lp646
(ibevents
DemoEvent
p647
(dp648
g4
I2
sg10
I275
sbasI3119
(lp649
(ibevents
DemoEvent
p650
(dp651
g4
I3
sg10
I276
sbasI3123
(lp652
(ibevents
DemoEvent
p653
(dp654
g4
I2
sg10
I275
sbasI3126
(lp655
(ibevents
DemoEvent
p656
(dp657
g4
I2
sg10
I274
sbasI181
(lp658
(ibevents
DemoEvent
p659
(dp660
g4
I4
sbasI9281
(lp661
(ibevents
DemoEvent
p662
(dp663
g4
I3
sg10
I276
sbasI9289
(lp664
(ibevents
DemoEvent
p665
(dp666
g4
I2
sg10
I275
sbasI9292
(lp667
(ibevents
DemoEvent
p668
(dp669
g4
I2
sg10
I274
sbasI11350
(lp670
(ibevents
DemoEvent
p671
(dp672
g4
I2
sg10
I275
sbasI7262
(lp673
(ibevents
DemoEvent
p674
(dp675
g4
I3
sg10
I275
sbasI10768
(lp676
(ibevents
DemoEvent
p677
(dp678
g4
I2
sg10
I275
sbasI9317
(lp679
(ibevents
DemoEvent
p680
(dp681
g4
I3
sg10
I275
sbasI7271
(lp682
(ibevents
DemoEvent
p683
(dp684
g4
I2
sg10
I276
sbasI7357
(lp685
(ibevents
DemoEvent
p686
(dp687
g4
I3
sg10
I274
sbasI3186
(lp688
(ibevents
DemoEvent
p689
(dp690
g4
I3
sg10
I275
sbasI3187
(lp691
(ibevents
DemoEvent
p692
(dp693
g4
I3
sg10
I274
sbasI11380
(lp694
(ibevents
DemoEvent
p695
(dp696
g4
I3
sg10
I275
sbasI11383
(lp697
(ibevents
DemoEvent
p698
(dp699
g4
I2
sg10
I276
sbasI7296
(lp700
(ibevents
DemoEvent
p701
(dp702
g4
I3
sg10
I276
sba(ibevents
DemoEvent
p703
(dp704
g4
I2
sg10
I274
sbasI9348
(lp705
(ibevents
DemoEvent
p706
(dp707
g4
I3
sg10
I274
sbasI5270
(lp708
(ibevents
DemoEvent
p709
(dp710
g4
I2
sg10
I275
sbasI9369
(lp711
(ibevents
DemoEvent
p712
(dp713
g4
I2
sg10
I275
sbasI11430
(lp714
(ibevents
DemoEvent
p715
(dp716
g4
I3
sg10
I276
sbasI1191
(lp717
(ibevents
DemoEvent
p718
(dp719
g4
I2
sg10
I276
sbasI11432
(lp720
(ibevents
DemoEvent
p721
(dp722
g4
I2
sg10
I275
sbasI11437
(lp723
(ibevents
DemoEvent
p724
(dp725
g4
I2
sg10
I274
sbasI11805
(lp726
(ibevents
DemoEvent
p727
(dp728
g4
I3
sg10
I274
sbasI5299
(lp729
(ibevents
DemoEvent
p730
(dp731
g4
I3
sg10
I275
sba(ibevents
DemoEvent
p732
(dp733
g4
I2
sg10
I276
sbasI9402
(lp734
(ibevents
DemoEvent
p735
(dp736
g4
I3
sg10
I275
sbasI3261
(lp737
(ibevents
DemoEvent
p738
(dp739
g4
I2
sg10
I275
sbasI9407
(lp740
(ibevents
DemoEvent
p741
(dp742
g4
I2
sg10
I276
sbasI1223
(lp743
(ibevents
DemoEvent
p744
(dp745
g4
I3
sg10
I276
sba(ibevents
DemoEvent
p746
(dp747
g4
I2
sg10
I274
sbasI1225
(lp748
(ibevents
DemoEvent
p749
(dp750
g4
I2
sg10
I275
sbasI11479
(lp751
(ibevents
DemoEvent
p752
(dp753
g4
I3
sg10
I274
sbasI11480
(lp754
(ibevents
DemoEvent
p755
(dp756
g4
I3
sg10
I275
sbasI3289
(lp757
(ibevents
DemoEvent
p758
(dp759
g4
I3
sg10
I275
sba(ibevents
DemoEvent
p760
(dp761
g4
I2
sg10
I276
sbasI9435
(lp762
(ibevents
DemoEvent
p763
(dp764
g4
I3
sg10
I276
sba(ibevents
DemoEvent
p765
(dp766
g4
I2
sg10
I274
sbasI5346
(lp767
(ibevents
DemoEvent
p768
(dp769
g4
I3
sg10
I276
sbasI11635
(lp770
(ibevents
DemoEvent
p771
(dp772
g4
I3
sg10
I275
sbasI5356
(lp773
(ibevents
DemoEvent
p774
(dp775
g4
I2
sg10
I275
sbasI1272
(lp776
(ibevents
DemoEvent
p777
(dp778
g4
I3
sg10
I275
sbasI11517
(lp779
(ibevents
DemoEvent
p780
(dp781
g4
I2
sg10
I275
sbasI1289
(lp782
(ibevents
DemoEvent
p783
(dp784
g4
I3
sg10
I274
sbasI3338
(lp785
(ibevents
DemoEvent
p786
(dp787
g4
I3
sg10
I276
sbasI5391
(lp788
(ibevents
DemoEvent
p789
(dp790
g4
I3
sg10
I275
sbasI3344
(lp791
(ibevents
DemoEvent
p792
(dp793
g4
I2
sg10
I275
sbasI5393
(lp794
(ibevents
DemoEvent
p795
(dp796
g4
I2
sg10
I276
sbasI9491
(lp797
(ibevents
DemoEvent
p798
(dp799
g4
I3
sg10
I274
sbasI3353
(lp800
(ibevents
DemoEvent
p801
(dp802
g4
I2
sg10
I274
sbasI11548
(lp803
(ibevents
DemoEvent
p804
(dp805
g4
I3
sg10
I275
sbasI11552
(lp806
(ibevents
DemoEvent
p807
(dp808
g4
I2
sg10
I276
sbasI7458
(lp809
(ibevents
DemoEvent
p810
(dp811
g4
I2
sg10
I275
sbasI9521
(lp812
(ibevents
DemoEvent
p813
(dp814
g4
I2
sg10
I275
sbasI5437
(lp815
(ibevents
DemoEvent
p816
(dp817
g4
I3
sg10
I276
sbasI5438
(lp818
(ibevents
DemoEvent
p819
(dp820
g4
I2
sg10
I275
sbasI7498
(lp821
(ibevents
DemoEvent
p822
(dp823
g4
I2
sg10
I274
sbasI11595
(lp824
(ibevents
DemoEvent
p825
(dp826
g4
I2
sg10
I274
sbasI3404
(lp827
(ibevents
DemoEvent
p828
(dp829
g4
I3
sg10
I274
sbasI3406
(lp830
(ibevents
DemoEvent
p831
(dp832
g4
I3
sg10
I275
sbasI7505
(lp833
(ibevents
DemoEvent
p834
(dp835
g4
I3
sg10
I275
sbasI9557
(lp836
(ibevents
DemoEvent
p837
(dp838
g4
I3
sg10
I275
sbasI9563
(lp839
(ibevents
DemoEvent
p840
(dp841
g4
I2
sg10
I276
sbasI1372
(lp842
(ibevents
DemoEvent
p843
(dp844
g4
I2
sg10
I276
sbasI11615
(lp845
(ibevents
DemoEvent
p846
(dp847
g4
I2
sg10
I275
sbasI5484
(lp848
(ibevents
DemoEvent
p849
(dp850
g4
I3
sg10
I275
sba(ibevents
DemoEvent
p851
(dp852
g4
I2
sg10
I276
sbasI9582
(lp853
(ibevents
DemoEvent
p854
(dp855
g4
I3
sg10
I276
sba(ibevents
DemoEvent
p856
(dp857
g4
I2
sg10
I274
sbasI9107
(lp858
(ibevents
DemoEvent
p859
(dp860
g4
I3
sg10
I276
sbasI1397
(lp861
(ibevents
DemoEvent
p862
(dp863
g4
I3
sg10
I276
sbasI1401
(lp864
(ibevents
DemoEvent
p865
(dp866
g4
I2
sg10
I275
sbasI7549
(lp867
(ibevents
DemoEvent
p868
(dp869
g4
I3
sg10
I274
sbasI11653
(lp870
(ibevents
DemoEvent
p871
(dp872
g4
I3
sg10
I274
sbasI3471
(lp873
(ibevents
DemoEvent
p874
(dp875
g4
I2
sg10
I275
sbasI5535
(lp876
(ibevents
DemoEvent
p877
(dp878
g4
I3
sg10
I276
sbasI9632
(lp879
(ibevents
DemoEvent
p880
(dp881
g4
I3
sg10
I274
sbasI1446
(lp882
(ibevents
DemoEvent
p883
(dp884
g4
I3
sg10
I275
sbasI3497
(lp885
(ibevents
DemoEvent
p886
(dp887
g4
I3
sg10
I275
sbasI3499
(lp888
(ibevents
DemoEvent
p889
(dp890
g4
I2
sg10
I276
sbasI1462
(lp891
(ibevents
DemoEvent
p892
(dp893
g4
I2
sg10
I276
sbasI11708
(lp894
(ibevents
DemoEvent
p895
(dp896
g4
I3
sg10
I275
sbasI11718
(lp897
(ibevents
DemoEvent
p898
(dp899
g4
I2
sg10
I276
sbasI1485
(lp900
(ibevents
DemoEvent
p901
(dp902
g4
I3
sg10
I276
sba(ibevents
DemoEvent
p903
(dp904
g4
I2
sg10
I274
sbasI8781
(lp905
(ibevents
DemoEvent
p906
(dp907
g4
I3
sg10
I274
sbasI5594
(lp908
(ibevents
DemoEvent
p909
(dp910
g4
I3
sg10
I274
sba(ibevents
DemoEvent
p911
(dp912
g4
I3
sg10
I275
sbasI3547
(lp913
(ibevents
DemoEvent
p914
(dp915
g4
I3
sg10
I276
sbasI4346
(lp916
(ibevents
DemoEvent
p917
(dp918
g4
I2
sg10
I275
sbasI11746
(lp919
(ibevents
DemoEvent
p920
(dp921
g4
I3
sg10
I276
sba(ibevents
DemoEvent
p922
(dp923
g4
I2
sg10
I274
sbasI3556
(lp924
(ibevents
DemoEvent
p925
(dp926
g4
I2
sg10
I275
sbasI7653
(lp927
(ibevents
DemoEvent
p928
(dp929
g4
I2
sg10
I275
sbasI3565
(lp930
(ibevents
DemoEvent
p931
(dp932
g4
I2
sg10
I274
sbasI1548
(lp933
(ibevents
DemoEvent
p934
(dp935
g4
I3
sg10
I274
sbasI7702
(lp936
(ibevents
DemoEvent
p937
(dp938
g4
I3
sg10
I275
sbasI11183
(lp939
(ibevents
DemoEvent
p940
(dp941
g4
I2
sg10
I276
sbasI3613
(lp942
(ibevents
DemoEvent
p943
(dp944
g4
I3
sg10
I275
sba(ibevents
DemoEvent
p945
(dp946
g4
I3
sg10
I274
sbasI1570
(lp947
(ibevents
DemoEvent
p948
(dp949
g4
I2
sg10
I275
sbasI9766
(lp950
(ibevents
DemoEvent
p951
(dp952
g4
I2
sg10
I274
sbasI5674
(lp953
(ibevents
DemoEvent
p954
(dp955
g4
I2
sg10
I275
sbasI9773
(lp956
(ibevents
DemoEvent
p957
(dp958
g4
I2
sg10
I275
sbasI11824
(lp959
(ibevents
DemoEvent
p960
(dp961
g4
I2
sg10
I275
sbasI9783
(lp962
(ibevents
DemoEvent
p963
(dp964
g4
I3
sg10
I275
sbasI1595
(lp965
(ibevents
DemoEvent
p966
(dp967
g4
I3
sg10
I275
sbasI5696
(lp968
(ibevents
DemoEvent
p969
(dp970
g4
I3
sg10
I275
sbasI1604
(lp971
(ibevents
DemoEvent
p972
(dp973
g4
I2
sg10
I276
sbasI11846
(lp974
(ibevents
DemoEvent
p975
(dp976
g4
I3
sg10
I275
sbasI5706
(lp977
(ibevents
DemoEvent
p978
(dp979
g4
I2
sg10
I276
sbasI11853
(lp980
(ibevents
DemoEvent
p981
(dp982
g4
I2
sg10
I276
sbasI6123
(lp983
(ibevents
DemoEvent
p984
(dp985
g4
I2
sg10
I274
sba(ibevents
DemoEvent
p986
(dp987
g4
I3
sg10
I276
sbasI9811
(lp988
(ibevents
DemoEvent
p989
(dp990
g4
I3
sg10
I274
sbasI3670
(lp991
(ibevents
DemoEvent
p992
(dp993
g4
I2
sg10
I275
sbasI6073
(lp994
(ibevents
DemoEvent
p995
(dp996
g4
I3
sg10
I275
sbasI1652
(lp997
(ibevents
DemoEvent
p998
(dp999
g4
I2
sg10
I274
sba(ibevents
DemoEvent
p1000
(dp1001
g4
I3
sg10
I276
sbasI3701
(lp1002
(ibevents
DemoEvent
p1003
(dp1004
g4
I3
sg10
I275
sbasI3703
(lp1005
(ibevents
DemoEvent
p1006
(dp1007
g4
I2
sg10
I276
sbasI1656
(lp1008
(ibevents
DemoEvent
p1009
(dp1010
g4
I2
sg10
I275
sbasI5753
(lp1011
(ibevents
DemoEvent
p1012
(dp1013
g4
I2
sg10
I275
sbasI8469
(lp1014
(ibevents
DemoEvent
p1015
(dp1016
g4
I3
sg10
I276
sbasI11919
(lp1017
(ibevents
DemoEvent
p1018
(dp1019
g4
I2
sg10
I275
sbasI3748
(lp1020
(ibevents
DemoEvent
p1021
(dp1022
g4
I3
sg10
I276
sbasI3749
(lp1023
(ibevents
DemoEvent
p1024
(dp1025
g4
I2
sg10
I275
sbasI1704
(lp1026
(ibevents
DemoEvent
p1027
(dp1028
g4
I3
sg10
I275
sbasI5801
(lp1029
(ibevents
DemoEvent
p1030
(dp1031
g4
I3
sg10
I275
sbasI3755
(lp1032
(ibevents
DemoEvent
p1033
(dp1034
g4
I2
sg10
I274
sbasI11949
(lp1035
(ibevents
DemoEvent
p1036
(dp1037
g4
I3
sg10
I274
sbasI5809
(lp1038
(ibevents
DemoEvent
p1039
(dp1040
g4
I3
sg10
I274
sbasI1718
(lp1041
(ibevents
DemoEvent
p1042
(dp1043
g4
I3
sg10
I274
sbasI11892
(lp1044
(ibevents
DemoEvent
p1045
(dp1046
g4
I3
sg10
I276
sba(ibevents
DemoEvent
p1047
(dp1048
g4
I2
sg10
I274
sbasI5749
(lp1049
(ibevents
DemoEvent
p1050
(dp1051
g4
I3
sg10
I276
sba(ibevents
DemoEvent
p1052
(dp1053
g4
I2
sg10
I274
sbasI9926
(lp1054
(ibevents
DemoEvent
p1055
(dp1056
g4
I3
sg10
I275
sbasI9929
(lp1057
(ibevents
DemoEvent
p1058
(dp1059
g4
I2
sg10
I276
sbasI3801
(lp1060
(ibevents
DemoEvent
p1061
(dp1062
g4
I3
sg10
I275
sba(ibevents
DemoEvent
p1063
(dp1064
g4
I3
sg10
I274
sbasI5850
(lp1065
(ibevents
DemoEvent
p1066
(dp1067
g4
I2
sg10
I275
sbasI1755
(lp1068
(ibevents
DemoEvent
p1069
(dp1070
g4
I2
sg10
I275
sbasI5857
(lp1071
(ibevents
DemoEvent
p1072
(dp1073
g4
I2
sg10
I274
sbasI9170
(lp1074
(ibevents
DemoEvent
p1075
(dp1076
g4
I3
sg10
I274
sbasI12018
(lp1077
(ibevents
DemoEvent
p1078
(dp1079
g4
I3
sg10
I275
sbasI1783
(lp1080
(ibevents
DemoEvent
p1081
(dp1082
g4
I2
sg10
I274
sbasI9976
(lp1083
(ibevents
DemoEvent
p1084
(dp1085
g4
I3
sg10
I276
sbasI12025
(lp1086
(ibevents
DemoEvent
p1087
(dp1088
g4
I2
sg10
I276
sbasI1786
(lp1089
(ibevents
DemoEvent
p1090
(dp1091
g4
I3
sg10
I275
sbasI5883
(lp1092
(ibevents
DemoEvent
p1093
(dp1094
g4
I3
sg10
I275
sbasI7945
(lp1095
(ibevents
DemoEvent
p1096
(dp1097
g4
I2
sg10
I275
sbasI12267
(lp1098
(ibevents
DemoEvent
p1099
(dp1100
g4
I3
sg10
I275
sbasI11224
(lp1101
(ibevents
DemoEvent
p1102
(dp1103
g4
I3
sg10
I276
sbasI3870
(lp1104
(ibevents
DemoEvent
p1105
(dp1106
g4
I2
sg10
I275
sbasI5920
(lp1107
(ibevents
DemoEvent
p1108
(dp1109
g4
I3
sg10
I274
sba(ibevents
DemoEvent
p1110
(dp1111
g4
I2
sg10
I276
sbasI1827
(lp1112
(ibevents
DemoEvent
p1113
(dp1114
g4
I3
sg10
I274
sbasI10020
(lp1115
(ibevents
DemoEvent
p1116
(dp1117
g4
I3
sg10
I275
sbasI10023
(lp1118
(ibevents
DemoEvent
p1119
(dp1120
g4
I2
sg10
I276
sbasI12075
(lp1121
(ibevents
DemoEvent
p1122
(dp1123
g4
I2
sg10
I275
sbasI7980
(lp1124
(ibevents
DemoEvent
p1125
(dp1126
g4
I3
sg10
I275
sbasI7984
(lp1127
(ibevents
DemoEvent
p1128
(dp1129
g4
I2
sg10
I276
sbasI3900
(lp1130
(ibevents
DemoEvent
p1131
(dp1132
g4
I3
sg10
I275
sba(ibevents
DemoEvent
p1133
(dp1134
g4
I2
sg10
I276
sbasI5949
(lp1135
(ibevents
DemoEvent
p1136
(dp1137
g4
I2
sg10
I275
sbasI5954
(lp1138
(ibevents
DemoEvent
p1139
(dp1140
g4
I2
sg10
I274
sbasI6796
(lp1141
(ibevents
DemoEvent
p1142
(dp1143
g4
I3
sg10
I275
sbasI1872
(lp1144
(ibevents
DemoEvent
p1145
(dp1146
g4
I2
sg10
I275
sbasI10070
(lp1147
(ibevents
DemoEvent
p1148
(dp1149
g4
I2
sg10
I275
sbasI12123
(lp1150
(ibevents
DemoEvent
p1151
(dp1152
g4
I3
sg10
I274
sbasI8028
(lp1153
(ibevents
DemoEvent
p1154
(dp1155
g4
I3
sg10
I276
sbasI5981
(lp1156
(ibevents
DemoEvent
p1157
(dp1158
g4
I3
sg10
I275
sbasI8030
(lp1159
(ibevents
DemoEvent
p1160
(dp1161
g4
I2
sg10
I275
sbasI1897
(lp1162
(ibevents
DemoEvent
p1163
(dp1164
g4
I3
sg10
I275
sbasI3946
(lp1165
(ibevents
DemoEvent
p1166
(dp1167
g4
I3
sg10
I276
sbasI3947
(lp1168
(ibevents
DemoEvent
p1169
(dp1170
g4
I2
sg10
I275
sbasI3951
(lp1171
(ibevents
DemoEvent
p1172
(dp1173
g4
I2
sg10
I274
sbasI1907
(lp1174
(ibevents
DemoEvent
p1175
(dp1176
g4
I2
sg10
I276
sbasI6016
(lp1177
(ibevents
DemoEvent
p1178
(dp1179
g4
I3
sg10
I274
sbasI10115
(lp1180
(ibevents
DemoEvent
p1181
(dp1182
g4
I3
sg10
I275
sbasI10118
(lp1183
(ibevents
DemoEvent
p1184
(dp1185
g4
I2
sg10
I276
sbasI8079
(lp1186
(ibevents
DemoEvent
p1187
(dp1188
g4
I3
sg10
I275
sbasI8082
(lp1189
(ibevents
DemoEvent
p1190
(dp1191
g4
I2
sg10
I276
sbasI1939
(lp1192
(ibevents
DemoEvent
p1193
(dp1194
g4
I3
sg10
I276
sbasI6042
(lp1195
(ibevents
DemoEvent
p1196
(dp1197
g4
I2
sg10
I275
sbasI4005
(lp1198
(ibevents
DemoEvent
p1199
(dp1200
g4
I3
sg10
I274
sbasI4007
(lp1201
(ibevents
DemoEvent
p1202
(dp1203
g4
I3
sg10
I275
sbasI10153
(lp1204
(ibevents
DemoEvent
p1205
(dp1206
g4
I3
sg10
I276
sbasI10162
(lp1207
(ibevents
DemoEvent
p1208
(dp1209
g4
I2
sg10
I274
sba(ibevents
DemoEvent
p1210
(dp1211
g4
I2
sg10
I275
sbasI1971
(lp1212
(ibevents
DemoEvent
p1213
(dp1214
g4
I2
sg10
I274
sbasI8121
(lp1215
(ibevents
DemoEvent
p1216
(dp1217
g4
I3
sg10
I276
sbasI8126
(lp1218
(ibevents
DemoEvent
p1219
(dp1220
g4
I2
sg10
I275
sbasI6079
(lp1221
(ibevents
DemoEvent
p1222
(dp1223
g4
I2
sg10
I276
sbasI12232
(lp1224
(ibevents
DemoEvent
p1225
(dp1226
g4
I2
sg10
I275
sbasI11596
(lp1227
(ibevents
DemoEvent
p1228
(dp1229
g4
I3
sg10
I276
sbasI9892
(lp1230
(ibevents
DemoEvent
p1231
(dp1232
g4
I2
sg10
I275
sbasI12262
(lp1233
(ibevents
DemoEvent
p1234
(dp1235
g4
I2
sg10
I274
sbasI4071
(lp1236
(ibevents
DemoEvent
p1237
(dp1238
g4
I2
sg10
I275
sbasI2025
(lp1239
(ibevents
DemoEvent
p1240
(dp1241
g4
I3
sg10
I274
sbasI10219
(lp1242
(ibevents
DemoEvent
p1243
(dp1244
g4
I3
sg10
I275
sbasI8174
(lp1245
(ibevents
DemoEvent
p1246
(dp1247
g4
I3
sg10
I275
sbasI10223
(lp1248
(ibevents
DemoEvent
p1249
(dp1250
g4
I3
sg10
I274
sbasI8179
(lp1251
(ibevents
DemoEvent
p1252
(dp1253
g4
I2
sg10
I276
sbas.(dp0
I128
(I715
I100
tp1
sI1
(I398
I479
tp2
sI130
(I588
I84
tp3
sI131
(I561
I84
tp4
sI132
(I543
I84
tp5
sI133
(I535
I83
tp6
sI134
(I527
I83
tp7
sI136
(I523
I83
tp8
sI138
(I517
I83
tp9
sI140
(I488
I87
tp10
sI142
(I482
I91
tp11
sI144
(I482
I98
tp12
sI145
(I483
I110
tp13
sI146
(I488
I129
tp14
sI148
(I488
I144
tp15
sI150
(I487
I148
tp16
sI176
(I494
I143
tp17
sI178
(I507
I144
tp18
sI180
(I538
I165
tp19
sI181
(I579
I192
tp20
sI182
(I628
I218
tp21
sI183
(I742
I266
tp22
s.